                                 Started job on |	Apr 06 17:53:31
                             Started mapping on |	Apr 06 17:53:33
                                    Finished on |	Apr 06 17:56:03
       Mapping speed, Million of reads per hour |	339.55

                          Number of input reads |	14147763
                      Average input read length |	75
                                    UNIQUE READS:
                   Uniquely mapped reads number |	13227806
                        Uniquely mapped reads % |	93.50%
                          Average mapped length |	75.15
                       Number of splices: Total |	1266246
            Number of splices: Annotated (sjdb) |	1236893
                       Number of splices: GT/AG |	1245834
                       Number of splices: GC/AG |	10162
                       Number of splices: AT/AC |	561
               Number of splices: Non-canonical |	9689
                      Mismatch rate per base, % |	0.37%
                         Deletion rate per base |	0.02%
                        Deletion average length |	1.65
                        Insertion rate per base |	0.01%
                       Insertion average length |	1.72
                             MULTI-MAPPING READS:
        Number of reads mapped to multiple loci |	500220
             % of reads mapped to multiple loci |	3.54%
        Number of reads mapped to too many loci |	60684
             % of reads mapped to too many loci |	0.43%
                                  UNMAPPED READS:
       % of reads unmapped: too many mismatches |	0.00%
                 % of reads unmapped: too short |	2.52%
                     % of reads unmapped: other |	0.02%
                                  CHIMERIC READS:
                       Number of chimeric reads |	0
                            % of chimeric reads |	0.00%
