                                 Started job on |	Jul 26 07:25:56
                             Started mapping on |	Jul 26 07:25:58
                                    Finished on |	Jul 26 07:28:34
       Mapping speed, Million of reads per hour |	542.24

                          Number of input reads |	23496992
                      Average input read length |	75
                                    UNIQUE READS:
                   Uniquely mapped reads number |	16101781
                        Uniquely mapped reads % |	68.53%
                          Average mapped length |	75.30
                       Number of splices: Total |	1877145
            Number of splices: Annotated (sjdb) |	1855784
                       Number of splices: GT/AG |	1850790
                       Number of splices: GC/AG |	19034
                       Number of splices: AT/AC |	739
               Number of splices: Non-canonical |	6582
                      Mismatch rate per base, % |	0.42%
                         Deletion rate per base |	0.02%
                        Deletion average length |	1.79
                        Insertion rate per base |	0.01%
                       Insertion average length |	1.78
                             MULTI-MAPPING READS:
        Number of reads mapped to multiple loci |	6464302
             % of reads mapped to multiple loci |	27.51%
        Number of reads mapped to too many loci |	599981
             % of reads mapped to too many loci |	2.55%
                                  UNMAPPED READS:
       % of reads unmapped: too many mismatches |	0.00%
                 % of reads unmapped: too short |	1.37%
                     % of reads unmapped: other |	0.04%
                                  CHIMERIC READS:
                       Number of chimeric reads |	0
                            % of chimeric reads |	0.00%
