                                 Started job on |	Mar 27 23:17:57
                             Started mapping on |	Mar 27 23:18:01
                                    Finished on |	Mar 27 23:22:26
       Mapping speed, Million of reads per hour |	295.44

                          Number of input reads |	21747925
                      Average input read length |	75
                                    UNIQUE READS:
                   Uniquely mapped reads number |	20618647
                        Uniquely mapped reads % |	94.81%
                          Average mapped length |	75.27
                       Number of splices: Total |	2040649
            Number of splices: Annotated (sjdb) |	2017798
                       Number of splices: GT/AG |	2016706
                       Number of splices: GC/AG |	15107
                       Number of splices: AT/AC |	833
               Number of splices: Non-canonical |	8003
                      Mismatch rate per base, % |	0.41%
                         Deletion rate per base |	0.02%
                        Deletion average length |	1.59
                        Insertion rate per base |	0.01%
                       Insertion average length |	1.77
                             MULTI-MAPPING READS:
        Number of reads mapped to multiple loci |	792103
             % of reads mapped to multiple loci |	3.64%
        Number of reads mapped to too many loci |	56985
             % of reads mapped to too many loci |	0.26%
                                  UNMAPPED READS:
       % of reads unmapped: too many mismatches |	0.00%
                 % of reads unmapped: too short |	1.27%
                     % of reads unmapped: other |	0.01%
                                  CHIMERIC READS:
                       Number of chimeric reads |	0
                            % of chimeric reads |	0.00%
