                                 Started job on |	Apr 06 17:19:11
                             Started mapping on |	Apr 06 17:19:12
                                    Finished on |	Apr 06 17:22:00
       Mapping speed, Million of reads per hour |	467.50

                          Number of input reads |	21816815
                      Average input read length |	75
                                    UNIQUE READS:
                   Uniquely mapped reads number |	20450182
                        Uniquely mapped reads % |	93.74%
                          Average mapped length |	75.24
                       Number of splices: Total |	1903485
            Number of splices: Annotated (sjdb) |	1869853
                       Number of splices: GT/AG |	1877635
                       Number of splices: GC/AG |	14011
                       Number of splices: AT/AC |	716
               Number of splices: Non-canonical |	11123
                      Mismatch rate per base, % |	0.46%
                         Deletion rate per base |	0.02%
                        Deletion average length |	1.83
                        Insertion rate per base |	0.02%
                       Insertion average length |	1.85
                             MULTI-MAPPING READS:
        Number of reads mapped to multiple loci |	784661
             % of reads mapped to multiple loci |	3.60%
        Number of reads mapped to too many loci |	128125
             % of reads mapped to too many loci |	0.59%
                                  UNMAPPED READS:
       % of reads unmapped: too many mismatches |	0.00%
                 % of reads unmapped: too short |	1.20%
                     % of reads unmapped: other |	0.88%
                                  CHIMERIC READS:
                       Number of chimeric reads |	0
                            % of chimeric reads |	0.00%
