                                 Started job on |	Mar 27 23:06:16
                             Started mapping on |	Mar 27 23:06:20
                                    Finished on |	Mar 27 23:10:36
       Mapping speed, Million of reads per hour |	335.33

                          Number of input reads |	23845948
                      Average input read length |	75
                                    UNIQUE READS:
                   Uniquely mapped reads number |	22466792
                        Uniquely mapped reads % |	94.22%
                          Average mapped length |	75.36
                       Number of splices: Total |	1817525
            Number of splices: Annotated (sjdb) |	1794820
                       Number of splices: GT/AG |	1792934
                       Number of splices: GC/AG |	15058
                       Number of splices: AT/AC |	670
               Number of splices: Non-canonical |	8863
                      Mismatch rate per base, % |	0.38%
                         Deletion rate per base |	0.02%
                        Deletion average length |	1.71
                        Insertion rate per base |	0.01%
                       Insertion average length |	1.74
                             MULTI-MAPPING READS:
        Number of reads mapped to multiple loci |	1054910
             % of reads mapped to multiple loci |	4.42%
        Number of reads mapped to too many loci |	104944
             % of reads mapped to too many loci |	0.44%
                                  UNMAPPED READS:
       % of reads unmapped: too many mismatches |	0.00%
                 % of reads unmapped: too short |	0.90%
                     % of reads unmapped: other |	0.02%
                                  CHIMERIC READS:
                       Number of chimeric reads |	0
                            % of chimeric reads |	0.00%
