                                 Started job on |	Jul 26 07:01:44
                             Started mapping on |	Jul 26 07:01:46
                                    Finished on |	Jul 26 07:04:26
       Mapping speed, Million of reads per hour |	427.24

                          Number of input reads |	18988577
                      Average input read length |	75
                                    UNIQUE READS:
                   Uniquely mapped reads number |	17707336
                        Uniquely mapped reads % |	93.25%
                          Average mapped length |	75.18
                       Number of splices: Total |	1617183
            Number of splices: Annotated (sjdb) |	1568028
                       Number of splices: GT/AG |	1588260
                       Number of splices: GC/AG |	12637
                       Number of splices: AT/AC |	551
               Number of splices: Non-canonical |	15735
                      Mismatch rate per base, % |	0.43%
                         Deletion rate per base |	0.02%
                        Deletion average length |	1.82
                        Insertion rate per base |	0.01%
                       Insertion average length |	1.72
                             MULTI-MAPPING READS:
        Number of reads mapped to multiple loci |	655750
             % of reads mapped to multiple loci |	3.45%
        Number of reads mapped to too many loci |	92911
             % of reads mapped to too many loci |	0.49%
                                  UNMAPPED READS:
       % of reads unmapped: too many mismatches |	0.00%
                 % of reads unmapped: too short |	2.76%
                     % of reads unmapped: other |	0.04%
                                  CHIMERIC READS:
                       Number of chimeric reads |	0
                            % of chimeric reads |	0.00%
