           Time    Speed        Read     Read   Mapped   Mapped   Mapped   Mapped Unmapped Unmapped Unmapped Unmapped
                    M/hr      number   length   unique   length   MMrate    multi   multi+       MM    short    other
Mar 27 21:51:23      3.5      146477       75    44.5%     75.3     0.4%     9.0%     0.9%     0.0%    45.6%     0.1%
Mar 27 21:53:54     15.7     1317462       75    44.1%     75.3     0.4%     8.7%     0.8%     0.0%    46.2%     0.1%
Mar 27 21:56:25     19.7     2483797       75    44.2%     75.3     0.4%     8.8%     0.8%     0.0%    46.1%     0.1%
Mar 27 21:58:55     21.8     3650204       75    44.2%     75.3     0.4%     8.8%     0.8%     0.0%    46.1%     0.1%
Mar 27 22:01:21     23.1     4816553       75    44.4%     75.3     0.4%     8.8%     0.9%     0.0%    45.9%     0.1%
Mar 27 22:03:51     23.9     5982951       75    44.4%     75.3     0.4%     8.8%     0.9%     0.0%    45.8%     0.1%
Mar 27 22:06:17     24.6     7149293       75    44.5%     75.3     0.4%     8.8%     0.9%     0.0%    45.7%     0.1%
Mar 27 22:08:45     25.1     8315669       75    44.5%     75.3     0.4%     8.8%     0.9%     0.0%    45.7%     0.1%
Mar 27 22:11:12     25.5     9482076       75    44.6%     75.3     0.4%     8.9%     0.9%     0.0%    45.6%     0.1%
Mar 27 22:13:35     25.8    10645414       75    44.7%     75.3     0.4%     8.9%     0.9%     0.0%    45.5%     0.1%
Mar 27 22:15:55     26.2    11806269       75    44.8%     75.3     0.4%     8.9%     0.9%     0.0%    45.4%     0.1%
Mar 27 22:18:20     26.4    12967099       75    44.9%     75.3     0.4%     8.9%     0.9%     0.0%    45.3%     0.1%
Mar 27 22:20:49     26.5    14127987       75    44.9%     75.3     0.4%     8.9%     0.9%     0.0%    45.2%     0.1%
Mar 27 22:23:15     26.7    15288751       75    44.9%     75.3     0.4%     8.9%     0.9%     0.0%    45.3%     0.1%
Mar 27 22:25:44     26.8    16449574       75    44.9%     75.3     0.4%     8.9%     0.9%     0.0%    45.3%     0.1%
Mar 27 22:28:12     26.9    17610470       75    44.9%     75.3     0.4%     8.9%     0.9%     0.0%    45.2%     0.1%
Mar 27 22:30:33     27.0    18771385       75    44.9%     75.3     0.4%     8.9%     0.9%     0.0%    45.2%     0.1%
Mar 27 22:31:41     27.7    19787077       75    44.9%     75.3     0.4%     8.9%     0.9%     0.0%    45.2%     0.1%
Mar 27 22:33:02     27.1    19932211       75    44.9%     75.3     0.4%     8.9%     0.9%     0.0%    45.2%     0.1%
Mar 27 22:34:12     27.7    20947933       75    44.9%     75.3     0.4%     8.9%     0.9%     0.0%    45.2%     0.1%
Mar 27 22:35:32     27.1    21093056       75    44.9%     75.3     0.4%     8.9%     0.9%     0.0%    45.2%     0.1%
Mar 27 22:36:46     27.7    22108750       75    44.9%     75.3     0.4%     8.9%     0.9%     0.0%    45.2%     0.1%
Mar 27 22:37:59     27.2    22253874       75    44.9%     75.3     0.4%     8.9%     0.9%     0.0%    45.2%     0.1%
Mar 27 22:39:21     27.6    23269612       75    44.9%     75.3     0.4%     8.9%     0.9%     0.0%    45.2%     0.1%
Mar 27 22:40:23     27.3    23414696       75    44.9%     75.3     0.4%     8.9%     0.9%     0.0%    45.2%     0.1%
Mar 27 22:41:24     27.7    24285368       75    44.9%     75.3     0.4%     8.9%     0.9%     0.0%    45.2%     0.1%
Mar 27 22:42:50     27.3    24575588       75    44.9%     75.3     0.4%     8.9%     0.9%     0.0%    45.2%     0.1%
Mar 27 22:43:54     27.7    25446199       75    44.9%     75.3     0.4%     8.9%     0.9%     0.0%    45.2%     0.1%
Mar 27 22:45:13     27.4    25736420       75    44.9%     75.3     0.4%     8.9%     0.9%     0.0%    45.2%     0.1%
Mar 27 22:46:25     27.7    26607016       75    44.9%     75.3     0.4%     8.9%     0.9%     0.0%    45.2%     0.1%
Mar 27 22:47:30     27.6    26961364       75    44.9%     75.3     0.4%     8.9%     0.9%     0.0%    45.2%     0.1%
ALL DONE!
