                                 Started job on |	Mar 27 21:48:47
                             Started mapping on |	Mar 27 21:48:51
                                    Finished on |	Mar 27 22:48:29
       Mapping speed, Million of reads per hour |	27.57

                          Number of input reads |	27396678
                      Average input read length |	75
                                    UNIQUE READS:
                   Uniquely mapped reads number |	12307888
                        Uniquely mapped reads % |	44.92%
                          Average mapped length |	75.26
                       Number of splices: Total |	1453918
            Number of splices: Annotated (sjdb) |	1436494
                       Number of splices: GT/AG |	1434957
                       Number of splices: GC/AG |	13757
                       Number of splices: AT/AC |	502
               Number of splices: Non-canonical |	4702
                      Mismatch rate per base, % |	0.43%
                         Deletion rate per base |	0.01%
                        Deletion average length |	1.70
                        Insertion rate per base |	0.01%
                       Insertion average length |	1.51
                             MULTI-MAPPING READS:
        Number of reads mapped to multiple loci |	2444632
             % of reads mapped to multiple loci |	8.92%
        Number of reads mapped to too many loci |	235702
             % of reads mapped to too many loci |	0.86%
                                  UNMAPPED READS:
       % of reads unmapped: too many mismatches |	0.00%
                 % of reads unmapped: too short |	45.18%
                     % of reads unmapped: other |	0.11%
                                  CHIMERIC READS:
                       Number of chimeric reads |	0
                            % of chimeric reads |	0.00%
