                                 Started job on |	Mar 27 20:12:36
                             Started mapping on |	Mar 27 20:12:40
                                    Finished on |	Mar 27 20:21:18
       Mapping speed, Million of reads per hour |	127.99

                          Number of input reads |	18416725
                      Average input read length |	75
                                    UNIQUE READS:
                   Uniquely mapped reads number |	15854341
                        Uniquely mapped reads % |	86.09%
                          Average mapped length |	74.44
                       Number of splices: Total |	963379
            Number of splices: Annotated (sjdb) |	896206
                       Number of splices: GT/AG |	935350
                       Number of splices: GC/AG |	7261
                       Number of splices: AT/AC |	372
               Number of splices: Non-canonical |	20396
                      Mismatch rate per base, % |	0.72%
                         Deletion rate per base |	0.03%
                        Deletion average length |	1.76
                        Insertion rate per base |	0.02%
                       Insertion average length |	1.56
                             MULTI-MAPPING READS:
        Number of reads mapped to multiple loci |	1492683
             % of reads mapped to multiple loci |	8.11%
        Number of reads mapped to too many loci |	183579
             % of reads mapped to too many loci |	1.00%
                                  UNMAPPED READS:
       % of reads unmapped: too many mismatches |	0.00%
                 % of reads unmapped: too short |	4.71%
                     % of reads unmapped: other |	0.10%
                                  CHIMERIC READS:
                       Number of chimeric reads |	0
                            % of chimeric reads |	0.00%
