Fri Mar 27 19:57:00 EDT 2020
rhea-03.rit.albany.edu
/network/rit/home/em949587/ranganlab/Data/ElliotMartin/rawdata/DevelomentLandscape/fastqs
Mar 27 19:57:00 ..... started STAR run
Mar 27 19:57:00 ..... loading genome
Mar 27 19:57:24 ..... started mapping
Mar 27 20:04:31 ..... started sorting BAM
Mar 27 20:05:20 ..... finished successfully
Mar 27 20:05:23 ..... started STAR run
Mar 27 20:05:23 ..... loading genome
Mar 27 20:05:36 ..... started mapping
Mar 27 20:11:58 ..... started sorting BAM
Mar 27 20:12:34 ..... finished successfully
Mar 27 20:12:36 ..... started STAR run
Mar 27 20:12:36 ..... loading genome
Mar 27 20:12:40 ..... started mapping
Mar 27 20:20:44 ..... started sorting BAM
Mar 27 20:21:18 ..... finished successfully
Mar 27 20:21:20 ..... started STAR run
Mar 27 20:21:20 ..... loading genome
Mar 27 20:21:25 ..... started mapping
Mar 27 20:25:25 ..... started sorting BAM
Mar 27 20:25:57 ..... finished successfully
Mar 27 20:26:00 ..... started STAR run
Mar 27 20:26:00 ..... loading genome
Mar 27 20:26:03 ..... started mapping
Mar 27 20:29:18 ..... started sorting BAM
Mar 27 20:29:25 ..... finished successfully
Mar 27 20:29:27 ..... started STAR run
Mar 27 20:29:27 ..... loading genome
Mar 27 20:29:30 ..... started mapping
Mar 27 20:40:01 ..... started sorting BAM
Mar 27 20:42:05 ..... finished successfully
Mar 27 20:42:09 ..... started STAR run
Mar 27 20:42:09 ..... loading genome
Mar 27 20:42:20 ..... started mapping
Mar 27 20:45:51 ..... started sorting BAM
Mar 27 20:46:26 ..... finished successfully
Mar 27 20:46:29 ..... started STAR run
Mar 27 20:46:29 ..... loading genome
Mar 27 20:46:33 ..... started mapping
Mar 27 20:56:06 ..... started sorting BAM
Mar 27 20:57:47 ..... finished successfully
Mar 27 20:57:51 ..... started STAR run
Mar 27 20:57:51 ..... loading genome
Mar 27 20:58:04 ..... started mapping
Mar 27 21:02:49 ..... started sorting BAM
Mar 27 21:04:02 ..... finished successfully
Mar 27 21:04:06 ..... started STAR run
Mar 27 21:04:06 ..... loading genome
Mar 27 21:04:21 ..... started mapping
Mar 27 21:06:50 ..... started sorting BAM
Mar 27 21:07:19 ..... finished successfully
Mar 27 21:07:21 ..... started STAR run
Mar 27 21:07:21 ..... loading genome
Mar 27 21:07:25 ..... started mapping
Mar 27 21:11:09 ..... started sorting BAM
Mar 27 21:11:30 ..... finished successfully
Mar 27 21:11:32 ..... started STAR run
Mar 27 21:11:32 ..... loading genome
Mar 27 21:11:36 ..... started mapping
Mar 27 21:16:54 ..... started sorting BAM
Mar 27 21:17:22 ..... finished successfully
Mar 27 21:17:25 ..... started STAR run
Mar 27 21:17:25 ..... loading genome
Mar 27 21:17:29 ..... started mapping
Mar 27 21:23:57 ..... started sorting BAM
Mar 27 21:25:50 ..... finished successfully
Mar 27 21:25:54 ..... started STAR run
Mar 27 21:25:54 ..... loading genome
Mar 27 21:26:00 ..... started mapping
Mar 27 21:32:42 ..... started sorting BAM
Mar 27 21:34:11 ..... finished successfully
Mar 27 21:34:15 ..... started STAR run
Mar 27 21:34:15 ..... loading genome
Mar 27 21:34:31 ..... started mapping
Mar 27 21:41:58 ..... started sorting BAM
Mar 27 21:42:46 ..... finished successfully
Mar 27 21:42:49 ..... started STAR run
Mar 27 21:42:49 ..... loading genome
Mar 27 21:42:58 ..... started mapping
Mar 27 21:48:12 ..... started sorting BAM
Mar 27 21:48:45 ..... finished successfully
Mar 27 21:48:47 ..... started STAR run
Mar 27 21:48:47 ..... loading genome
Mar 27 21:48:51 ..... started mapping
Mar 27 22:47:57 ..... started sorting BAM
Mar 27 22:48:29 ..... finished successfully
Mar 27 22:48:32 ..... started STAR run
Mar 27 22:48:32 ..... loading genome
Mar 27 22:48:37 ..... started mapping
Mar 27 22:51:16 ..... started sorting BAM
Mar 27 22:51:41 ..... finished successfully
Mar 27 22:51:43 ..... started STAR run
Mar 27 22:51:43 ..... loading genome
Mar 27 22:51:47 ..... started mapping
Mar 27 23:05:28 ..... started sorting BAM
Mar 27 23:06:13 ..... finished successfully
Mar 27 23:06:16 ..... started STAR run
Mar 27 23:06:16 ..... loading genome
Mar 27 23:06:20 ..... started mapping
Mar 27 23:09:59 ..... started sorting BAM
Mar 27 23:10:36 ..... finished successfully
Mar 27 23:10:38 ..... started STAR run
Mar 27 23:10:38 ..... loading genome
Mar 27 23:10:42 ..... started mapping
Mar 27 23:17:35 ..... started sorting BAM
Mar 27 23:17:55 ..... finished successfully
Mar 27 23:17:57 ..... started STAR run
Mar 27 23:17:57 ..... loading genome
Mar 27 23:18:01 ..... started mapping
Mar 27 23:21:55 ..... started sorting BAM
Mar 27 23:22:26 ..... finished successfully
