                                 Started job on |	Mar 27 22:48:32
                             Started mapping on |	Mar 27 22:48:37
                                    Finished on |	Mar 27 22:51:41
       Mapping speed, Million of reads per hour |	165.04

                          Number of input reads |	8435549
                      Average input read length |	75
                                    UNIQUE READS:
                   Uniquely mapped reads number |	5452994
                        Uniquely mapped reads % |	64.64%
                          Average mapped length |	75.26
                       Number of splices: Total |	598092
            Number of splices: Annotated (sjdb) |	591633
                       Number of splices: GT/AG |	588863
                       Number of splices: GC/AG |	6585
                       Number of splices: AT/AC |	208
               Number of splices: Non-canonical |	2436
                      Mismatch rate per base, % |	0.42%
                         Deletion rate per base |	0.02%
                        Deletion average length |	1.76
                        Insertion rate per base |	0.01%
                       Insertion average length |	1.50
                             MULTI-MAPPING READS:
        Number of reads mapped to multiple loci |	2399704
             % of reads mapped to multiple loci |	28.45%
        Number of reads mapped to too many loci |	255894
             % of reads mapped to too many loci |	3.03%
                                  UNMAPPED READS:
       % of reads unmapped: too many mismatches |	0.00%
                 % of reads unmapped: too short |	3.84%
                     % of reads unmapped: other |	0.04%
                                  CHIMERIC READS:
                       Number of chimeric reads |	0
                            % of chimeric reads |	0.00%
