                                 Started job on |	Mar 27 22:51:43
                             Started mapping on |	Mar 27 22:51:47
                                    Finished on |	Mar 27 23:06:13
       Mapping speed, Million of reads per hour |	79.47

                          Number of input reads |	19116406
                      Average input read length |	75
                                    UNIQUE READS:
                   Uniquely mapped reads number |	14485731
                        Uniquely mapped reads % |	75.78%
                          Average mapped length |	74.99
                       Number of splices: Total |	1496158
            Number of splices: Annotated (sjdb) |	1356723
                       Number of splices: GT/AG |	1452544
                       Number of splices: GC/AG |	11457
                       Number of splices: AT/AC |	600
               Number of splices: Non-canonical |	31557
                      Mismatch rate per base, % |	0.52%
                         Deletion rate per base |	0.01%
                        Deletion average length |	1.66
                        Insertion rate per base |	0.01%
                       Insertion average length |	1.80
                             MULTI-MAPPING READS:
        Number of reads mapped to multiple loci |	2792966
             % of reads mapped to multiple loci |	14.61%
        Number of reads mapped to too many loci |	109313
             % of reads mapped to too many loci |	0.57%
                                  UNMAPPED READS:
       % of reads unmapped: too many mismatches |	0.00%
                 % of reads unmapped: too short |	8.99%
                     % of reads unmapped: other |	0.06%
                                  CHIMERIC READS:
                       Number of chimeric reads |	0
                            % of chimeric reads |	0.00%
