                                 Started job on |	Apr 06 18:18:12
                             Started mapping on |	Apr 06 18:18:14
                                    Finished on |	Apr 06 18:57:45
       Mapping speed, Million of reads per hour |	41.60

                          Number of input reads |	27396678
                      Average input read length |	75
                                    UNIQUE READS:
                   Uniquely mapped reads number |	12307222
                        Uniquely mapped reads % |	44.92%
                          Average mapped length |	75.26
                       Number of splices: Total |	1453376
            Number of splices: Annotated (sjdb) |	1436074
                       Number of splices: GT/AG |	1434628
                       Number of splices: GC/AG |	13742
                       Number of splices: AT/AC |	598
               Number of splices: Non-canonical |	4408
                      Mismatch rate per base, % |	0.43%
                         Deletion rate per base |	0.01%
                        Deletion average length |	1.70
                        Insertion rate per base |	0.01%
                       Insertion average length |	1.51
                             MULTI-MAPPING READS:
        Number of reads mapped to multiple loci |	2445375
             % of reads mapped to multiple loci |	8.93%
        Number of reads mapped to too many loci |	235678
             % of reads mapped to too many loci |	0.86%
                                  UNMAPPED READS:
       % of reads unmapped: too many mismatches |	0.00%
                 % of reads unmapped: too short |	45.18%
                     % of reads unmapped: other |	0.11%
                                  CHIMERIC READS:
                       Number of chimeric reads |	0
                            % of chimeric reads |	0.00%
