                                 Started job on |	Jul 26 08:28:28
                             Started mapping on |	Jul 26 08:28:30
                                    Finished on |	Jul 26 08:30:33
       Mapping speed, Million of reads per hour |	636.52

                          Number of input reads |	21747925
                      Average input read length |	75
                                    UNIQUE READS:
                   Uniquely mapped reads number |	20617887
                        Uniquely mapped reads % |	94.80%
                          Average mapped length |	75.27
                       Number of splices: Total |	2039947
            Number of splices: Annotated (sjdb) |	2017120
                       Number of splices: GT/AG |	2016271
                       Number of splices: GC/AG |	15107
                       Number of splices: AT/AC |	859
               Number of splices: Non-canonical |	7710
                      Mismatch rate per base, % |	0.41%
                         Deletion rate per base |	0.02%
                        Deletion average length |	1.59
                        Insertion rate per base |	0.01%
                       Insertion average length |	1.77
                             MULTI-MAPPING READS:
        Number of reads mapped to multiple loci |	792883
             % of reads mapped to multiple loci |	3.65%
        Number of reads mapped to too many loci |	56984
             % of reads mapped to too many loci |	0.26%
                                  UNMAPPED READS:
       % of reads unmapped: too many mismatches |	0.00%
                 % of reads unmapped: too short |	1.27%
                     % of reads unmapped: other |	0.01%
                                  CHIMERIC READS:
                       Number of chimeric reads |	0
                            % of chimeric reads |	0.00%
