                                 Started job on |	Jul 26 07:32:14
                             Started mapping on |	Jul 26 07:32:16
                                    Finished on |	Jul 26 07:34:53
       Mapping speed, Million of reads per hour |	428.76

                          Number of input reads |	18698846
                      Average input read length |	75
                                    UNIQUE READS:
                   Uniquely mapped reads number |	17184160
                        Uniquely mapped reads % |	91.90%
                          Average mapped length |	75.20
                       Number of splices: Total |	1642685
            Number of splices: Annotated (sjdb) |	1600777
                       Number of splices: GT/AG |	1616012
                       Number of splices: GC/AG |	12867
                       Number of splices: AT/AC |	761
               Number of splices: Non-canonical |	13045
                      Mismatch rate per base, % |	0.38%
                         Deletion rate per base |	0.02%
                        Deletion average length |	1.68
                        Insertion rate per base |	0.01%
                       Insertion average length |	1.75
                             MULTI-MAPPING READS:
        Number of reads mapped to multiple loci |	865065
             % of reads mapped to multiple loci |	4.63%
        Number of reads mapped to too many loci |	111874
             % of reads mapped to too many loci |	0.60%
                                  UNMAPPED READS:
       % of reads unmapped: too many mismatches |	0.00%
                 % of reads unmapped: too short |	2.86%
                     % of reads unmapped: other |	0.02%
                                  CHIMERIC READS:
                       Number of chimeric reads |	0
                            % of chimeric reads |	0.00%
