                                 Started job on |	Apr 06 17:24:13
                             Started mapping on |	Apr 06 17:24:14
                                    Finished on |	Apr 06 17:31:25
       Mapping speed, Million of reads per hour |	286.23

                          Number of input reads |	34268251
                      Average input read length |	75
                                    UNIQUE READS:
                   Uniquely mapped reads number |	27250990
                        Uniquely mapped reads % |	79.52%
                          Average mapped length |	75.00
                       Number of splices: Total |	2005445
            Number of splices: Annotated (sjdb) |	1940472
                       Number of splices: GT/AG |	1964779
                       Number of splices: GC/AG |	18287
                       Number of splices: AT/AC |	643
               Number of splices: Non-canonical |	21736
                      Mismatch rate per base, % |	0.51%
                         Deletion rate per base |	0.03%
                        Deletion average length |	1.75
                        Insertion rate per base |	0.02%
                       Insertion average length |	1.61
                             MULTI-MAPPING READS:
        Number of reads mapped to multiple loci |	4992128
             % of reads mapped to multiple loci |	14.57%
        Number of reads mapped to too many loci |	456257
             % of reads mapped to too many loci |	1.33%
                                  UNMAPPED READS:
       % of reads unmapped: too many mismatches |	0.00%
                 % of reads unmapped: too short |	3.27%
                     % of reads unmapped: other |	1.30%
                                  CHIMERIC READS:
                       Number of chimeric reads |	0
                            % of chimeric reads |	0.00%
