                                 Started job on |	Mar 27 20:29:27
                             Started mapping on |	Mar 27 20:29:30
                                    Finished on |	Mar 27 20:42:05
       Mapping speed, Million of reads per hour |	163.40

                          Number of input reads |	34268251
                      Average input read length |	75
                                    UNIQUE READS:
                   Uniquely mapped reads number |	27252105
                        Uniquely mapped reads % |	79.53%
                          Average mapped length |	75.00
                       Number of splices: Total |	2006258
            Number of splices: Annotated (sjdb) |	1941274
                       Number of splices: GT/AG |	1965436
                       Number of splices: GC/AG |	18295
                       Number of splices: AT/AC |	643
               Number of splices: Non-canonical |	21884
                      Mismatch rate per base, % |	0.51%
                         Deletion rate per base |	0.03%
                        Deletion average length |	1.75
                        Insertion rate per base |	0.02%
                       Insertion average length |	1.61
                             MULTI-MAPPING READS:
        Number of reads mapped to multiple loci |	4990952
             % of reads mapped to multiple loci |	14.56%
        Number of reads mapped to too many loci |	456275
             % of reads mapped to too many loci |	1.33%
                                  UNMAPPED READS:
       % of reads unmapped: too many mismatches |	0.00%
                 % of reads unmapped: too short |	3.27%
                     % of reads unmapped: other |	1.30%
                                  CHIMERIC READS:
                       Number of chimeric reads |	0
                            % of chimeric reads |	0.00%
