                                 Started job on |	Jul 26 06:54:28
                             Started mapping on |	Jul 26 06:54:31
                                    Finished on |	Jul 26 06:57:43
       Mapping speed, Million of reads per hour |	344.94

                          Number of input reads |	18396772
                      Average input read length |	75
                                    UNIQUE READS:
                   Uniquely mapped reads number |	15420678
                        Uniquely mapped reads % |	83.82%
                          Average mapped length |	74.46
                       Number of splices: Total |	796141
            Number of splices: Annotated (sjdb) |	752767
                       Number of splices: GT/AG |	775184
                       Number of splices: GC/AG |	5722
                       Number of splices: AT/AC |	219
               Number of splices: Non-canonical |	15016
                      Mismatch rate per base, % |	0.77%
                         Deletion rate per base |	0.03%
                        Deletion average length |	1.69
                        Insertion rate per base |	0.02%
                       Insertion average length |	1.52
                             MULTI-MAPPING READS:
        Number of reads mapped to multiple loci |	2036032
             % of reads mapped to multiple loci |	11.07%
        Number of reads mapped to too many loci |	218669
             % of reads mapped to too many loci |	1.19%
                                  UNMAPPED READS:
       % of reads unmapped: too many mismatches |	0.00%
                 % of reads unmapped: too short |	3.18%
                     % of reads unmapped: other |	0.74%
                                  CHIMERIC READS:
                       Number of chimeric reads |	0
                            % of chimeric reads |	0.00%
