                                 Started job on |	Jul 26 07:15:12
                             Started mapping on |	Jul 26 07:15:14
                                    Finished on |	Jul 26 07:17:07
       Mapping speed, Million of reads per hour |	606.91

                          Number of input reads |	19050182
                      Average input read length |	75
                                    UNIQUE READS:
                   Uniquely mapped reads number |	16576263
                        Uniquely mapped reads % |	87.01%
                          Average mapped length |	75.28
                       Number of splices: Total |	1632696
            Number of splices: Annotated (sjdb) |	1608949
                       Number of splices: GT/AG |	1611858
                       Number of splices: GC/AG |	13354
                       Number of splices: AT/AC |	575
               Number of splices: Non-canonical |	6909
                      Mismatch rate per base, % |	0.43%
                         Deletion rate per base |	0.02%
                        Deletion average length |	1.65
                        Insertion rate per base |	0.01%
                       Insertion average length |	1.74
                             MULTI-MAPPING READS:
        Number of reads mapped to multiple loci |	2025841
             % of reads mapped to multiple loci |	10.63%
        Number of reads mapped to too many loci |	207557
             % of reads mapped to too many loci |	1.09%
                                  UNMAPPED READS:
       % of reads unmapped: too many mismatches |	0.00%
                 % of reads unmapped: too short |	1.20%
                     % of reads unmapped: other |	0.06%
                                  CHIMERIC READS:
                       Number of chimeric reads |	0
                            % of chimeric reads |	0.00%
