                                 Started job on |	Apr 06 17:33:36
                             Started mapping on |	Apr 06 17:33:38
                                    Finished on |	Apr 06 17:36:06
       Mapping speed, Million of reads per hour |	463.38

                          Number of input reads |	19050182
                      Average input read length |	75
                                    UNIQUE READS:
                   Uniquely mapped reads number |	16576248
                        Uniquely mapped reads % |	87.01%
                          Average mapped length |	75.28
                       Number of splices: Total |	1632649
            Number of splices: Annotated (sjdb) |	1608862
                       Number of splices: GT/AG |	1611808
                       Number of splices: GC/AG |	13357
                       Number of splices: AT/AC |	575
               Number of splices: Non-canonical |	6909
                      Mismatch rate per base, % |	0.43%
                         Deletion rate per base |	0.02%
                        Deletion average length |	1.65
                        Insertion rate per base |	0.01%
                       Insertion average length |	1.74
                             MULTI-MAPPING READS:
        Number of reads mapped to multiple loci |	2025855
             % of reads mapped to multiple loci |	10.63%
        Number of reads mapped to too many loci |	207559
             % of reads mapped to too many loci |	1.09%
                                  UNMAPPED READS:
       % of reads unmapped: too many mismatches |	0.00%
                 % of reads unmapped: too short |	1.20%
                     % of reads unmapped: other |	0.06%
                                  CHIMERIC READS:
                       Number of chimeric reads |	0
                            % of chimeric reads |	0.00%
