           Time    Speed        Read     Read   Mapped   Mapped   Mapped   Mapped Unmapped Unmapped Unmapped Unmapped
                    M/hr      number   length   unique   length   MMrate    multi   multi+       MM    short    other
Apr 06 18:19:55      5.2      146477       75    44.5%     75.3     0.4%     9.0%     0.9%     0.0%    45.6%     0.1%
Apr 06 18:21:36     23.5     1317462       75    44.1%     75.3     0.4%     8.7%     0.8%     0.0%    46.2%     0.1%
Apr 06 18:23:17     29.5     2483797       75    44.2%     75.3     0.4%     8.8%     0.8%     0.0%    46.1%     0.1%
Apr 06 18:24:57     32.6     3650204       75    44.2%     75.3     0.4%     8.8%     0.8%     0.0%    46.1%     0.1%
Apr 06 18:26:34     34.7     4816553       75    44.4%     75.3     0.4%     8.8%     0.9%     0.0%    45.9%     0.1%
Apr 06 18:28:13     36.0     5982951       75    44.4%     75.3     0.4%     8.8%     0.9%     0.0%    45.8%     0.1%
Apr 06 18:29:51     36.9     7149293       75    44.5%     75.3     0.4%     8.8%     0.9%     0.0%    45.7%     0.1%
Apr 06 18:31:29     37.7     8315669       75    44.5%     75.3     0.4%     8.8%     0.9%     0.0%    45.7%     0.1%
Apr 06 18:33:07     38.2     9482069       75    44.6%     75.3     0.4%     8.9%     0.9%     0.0%    45.6%     0.1%
Apr 06 18:34:42     38.8    10645414       75    44.7%     75.3     0.4%     8.9%     0.9%     0.0%    45.5%     0.1%
Apr 06 18:36:15     39.3    11806269       75    44.8%     75.3     0.4%     8.9%     0.9%     0.0%    45.4%     0.1%
Apr 06 18:37:52     39.6    12967099       75    44.9%     75.3     0.4%     8.9%     0.9%     0.0%    45.3%     0.1%
Apr 06 18:39:31     39.8    14127987       75    44.9%     75.3     0.4%     8.9%     0.9%     0.0%    45.2%     0.1%
Apr 06 18:41:08     40.1    15288751       75    44.9%     75.3     0.4%     8.9%     0.9%     0.0%    45.3%     0.1%
Apr 06 18:42:47     40.2    16449574       75    44.9%     75.3     0.4%     8.9%     0.9%     0.0%    45.3%     0.1%
Apr 06 18:44:23     40.4    17610470       75    44.9%     75.3     0.4%     8.9%     0.9%     0.0%    45.2%     0.1%
Apr 06 18:45:58     40.6    18771385       75    44.9%     75.3     0.4%     8.9%     0.9%     0.0%    45.2%     0.1%
Apr 06 18:47:36     40.7    19932211       75    44.9%     75.3     0.4%     8.9%     0.9%     0.0%    45.2%     0.1%
Apr 06 18:49:15     40.8    21093056       75    44.9%     75.3     0.4%     8.9%     0.9%     0.0%    45.2%     0.1%
Apr 06 18:50:52     40.9    22253869       75    44.9%     75.3     0.4%     8.9%     0.9%     0.0%    45.2%     0.1%
Apr 06 18:52:27     41.1    23414696       75    44.9%     75.3     0.4%     8.9%     0.9%     0.0%    45.2%     0.1%
Apr 06 18:54:04     41.1    24575588       75    44.9%     75.3     0.4%     8.9%     0.9%     0.0%    45.2%     0.1%
Apr 06 18:55:05     41.7    25591314       75    44.9%     75.3     0.4%     8.9%     0.9%     0.0%    45.2%     0.1%
Apr 06 18:56:26     41.8    26607016       75    44.9%     75.3     0.4%     8.9%     0.9%     0.0%    45.2%     0.1%
Apr 06 18:57:45     41.6    27396678       75    44.9%     75.3     0.4%     8.9%     0.9%     0.0%    45.2%     0.1%
ALL DONE!
