                                 Started job on |	Apr 06 17:10:09
                             Started mapping on |	Apr 06 17:10:10
                                    Finished on |	Apr 06 17:15:34
       Mapping speed, Million of reads per hour |	204.63

                          Number of input reads |	18416725
                      Average input read length |	75
                                    UNIQUE READS:
                   Uniquely mapped reads number |	15853672
                        Uniquely mapped reads % |	86.08%
                          Average mapped length |	74.44
                       Number of splices: Total |	962885
            Number of splices: Annotated (sjdb) |	895842
                       Number of splices: GT/AG |	935514
                       Number of splices: GC/AG |	7230
                       Number of splices: AT/AC |	398
               Number of splices: Non-canonical |	19743
                      Mismatch rate per base, % |	0.72%
                         Deletion rate per base |	0.03%
                        Deletion average length |	1.77
                        Insertion rate per base |	0.02%
                       Insertion average length |	1.56
                             MULTI-MAPPING READS:
        Number of reads mapped to multiple loci |	1493359
             % of reads mapped to multiple loci |	8.11%
        Number of reads mapped to too many loci |	183566
             % of reads mapped to too many loci |	1.00%
                                  UNMAPPED READS:
       % of reads unmapped: too many mismatches |	0.00%
                 % of reads unmapped: too short |	4.71%
                     % of reads unmapped: other |	0.10%
                                  CHIMERIC READS:
                       Number of chimeric reads |	0
                            % of chimeric reads |	0.00%
