                                 Started job on |	Mar 27 20:46:29
                             Started mapping on |	Mar 27 20:46:33
                                    Finished on |	Mar 27 20:57:47
       Mapping speed, Million of reads per hour |	128.12

                          Number of input reads |	23987840
                      Average input read length |	75
                                    UNIQUE READS:
                   Uniquely mapped reads number |	15728462
                        Uniquely mapped reads % |	65.57%
                          Average mapped length |	75.16
                       Number of splices: Total |	1582838
            Number of splices: Annotated (sjdb) |	1480942
                       Number of splices: GT/AG |	1545509
                       Number of splices: GC/AG |	12626
                       Number of splices: AT/AC |	642
               Number of splices: Non-canonical |	24061
                      Mismatch rate per base, % |	0.48%
                         Deletion rate per base |	0.02%
                        Deletion average length |	1.56
                        Insertion rate per base |	0.01%
                       Insertion average length |	1.68
                             MULTI-MAPPING READS:
        Number of reads mapped to multiple loci |	6902984
             % of reads mapped to multiple loci |	28.78%
        Number of reads mapped to too many loci |	494490
             % of reads mapped to too many loci |	2.06%
                                  UNMAPPED READS:
       % of reads unmapped: too many mismatches |	0.00%
                 % of reads unmapped: too short |	3.56%
                     % of reads unmapped: other |	0.03%
                                  CHIMERIC READS:
                       Number of chimeric reads |	0
                            % of chimeric reads |	0.00%
