                                 Started job on |	Mar 27 20:05:23
                             Started mapping on |	Mar 27 20:05:36
                                    Finished on |	Mar 27 20:12:34
       Mapping speed, Million of reads per hour |	158.44

                          Number of input reads |	18396772
                      Average input read length |	75
                                    UNIQUE READS:
                   Uniquely mapped reads number |	15421328
                        Uniquely mapped reads % |	83.83%
                          Average mapped length |	74.46
                       Number of splices: Total |	796599
            Number of splices: Annotated (sjdb) |	752972
                       Number of splices: GT/AG |	775165
                       Number of splices: GC/AG |	5754
                       Number of splices: AT/AC |	220
               Number of splices: Non-canonical |	15460
                      Mismatch rate per base, % |	0.77%
                         Deletion rate per base |	0.03%
                        Deletion average length |	1.69
                        Insertion rate per base |	0.02%
                       Insertion average length |	1.52
                             MULTI-MAPPING READS:
        Number of reads mapped to multiple loci |	2035358
             % of reads mapped to multiple loci |	11.06%
        Number of reads mapped to too many loci |	218688
             % of reads mapped to too many loci |	1.19%
                                  UNMAPPED READS:
       % of reads unmapped: too many mismatches |	0.00%
                 % of reads unmapped: too short |	3.18%
                     % of reads unmapped: other |	0.74%
                                  CHIMERIC READS:
                       Number of chimeric reads |	0
                            % of chimeric reads |	0.00%
