                                 Started job on |	Mar 27 21:42:49
                             Started mapping on |	Mar 27 21:42:58
                                    Finished on |	Mar 27 21:48:45
       Mapping speed, Million of reads per hour |	105.58

                          Number of input reads |	10176416
                      Average input read length |	75
                                    UNIQUE READS:
                   Uniquely mapped reads number |	6206265
                        Uniquely mapped reads % |	60.99%
                          Average mapped length |	75.17
                       Number of splices: Total |	677245
            Number of splices: Annotated (sjdb) |	611502
                       Number of splices: GT/AG |	655082
                       Number of splices: GC/AG |	5541
                       Number of splices: AT/AC |	306
               Number of splices: Non-canonical |	16316
                      Mismatch rate per base, % |	0.50%
                         Deletion rate per base |	0.02%
                        Deletion average length |	1.64
                        Insertion rate per base |	0.01%
                       Insertion average length |	1.66
                             MULTI-MAPPING READS:
        Number of reads mapped to multiple loci |	3317527
             % of reads mapped to multiple loci |	32.60%
        Number of reads mapped to too many loci |	209313
             % of reads mapped to too many loci |	2.06%
                                  UNMAPPED READS:
       % of reads unmapped: too many mismatches |	0.00%
                 % of reads unmapped: too short |	4.32%
                     % of reads unmapped: other |	0.03%
                                  CHIMERIC READS:
                       Number of chimeric reads |	0
                            % of chimeric reads |	0.00%
