                                 Started job on |	Jul 26 07:45:46
                             Started mapping on |	Jul 26 07:45:48
                                    Finished on |	Jul 26 07:48:31
       Mapping speed, Million of reads per hour |	224.76

                          Number of input reads |	10176416
                      Average input read length |	75
                                    UNIQUE READS:
                   Uniquely mapped reads number |	6205659
                        Uniquely mapped reads % |	60.98%
                          Average mapped length |	75.17
                       Number of splices: Total |	676838
            Number of splices: Annotated (sjdb) |	611144
                       Number of splices: GT/AG |	654946
                       Number of splices: GC/AG |	5541
                       Number of splices: AT/AC |	311
               Number of splices: Non-canonical |	16040
                      Mismatch rate per base, % |	0.50%
                         Deletion rate per base |	0.02%
                        Deletion average length |	1.64
                        Insertion rate per base |	0.01%
                       Insertion average length |	1.66
                             MULTI-MAPPING READS:
        Number of reads mapped to multiple loci |	3318166
             % of reads mapped to multiple loci |	32.61%
        Number of reads mapped to too many loci |	209300
             % of reads mapped to too many loci |	2.06%
                                  UNMAPPED READS:
       % of reads unmapped: too many mismatches |	0.00%
                 % of reads unmapped: too short |	4.32%
                     % of reads unmapped: other |	0.03%
                                  CHIMERIC READS:
                       Number of chimeric reads |	0
                            % of chimeric reads |	0.00%
