                                 Started job on |	Apr 06 19:08:44
                             Started mapping on |	Apr 06 19:08:45
                                    Finished on |	Apr 06 19:11:19
       Mapping speed, Million of reads per hour |	557.44

                          Number of input reads |	23845948
                      Average input read length |	75
                                    UNIQUE READS:
                   Uniquely mapped reads number |	22465738
                        Uniquely mapped reads % |	94.21%
                          Average mapped length |	75.36
                       Number of splices: Total |	1816681
            Number of splices: Annotated (sjdb) |	1794023
                       Number of splices: GT/AG |	1792333
                       Number of splices: GC/AG |	15055
                       Number of splices: AT/AC |	725
               Number of splices: Non-canonical |	8568
                      Mismatch rate per base, % |	0.38%
                         Deletion rate per base |	0.02%
                        Deletion average length |	1.71
                        Insertion rate per base |	0.01%
                       Insertion average length |	1.74
                             MULTI-MAPPING READS:
        Number of reads mapped to multiple loci |	1055991
             % of reads mapped to multiple loci |	4.43%
        Number of reads mapped to too many loci |	104937
             % of reads mapped to too many loci |	0.44%
                                  UNMAPPED READS:
       % of reads unmapped: too many mismatches |	0.00%
                 % of reads unmapped: too short |	0.90%
                     % of reads unmapped: other |	0.02%
                                  CHIMERIC READS:
                       Number of chimeric reads |	0
                            % of chimeric reads |	0.00%
