                                 Started job on |	Jul 26 07:06:39
                             Started mapping on |	Jul 26 07:06:42
                                    Finished on |	Jul 26 07:08:15
       Mapping speed, Million of reads per hour |	167.82

                          Number of input reads |	4335260
                      Average input read length |	75
                                    UNIQUE READS:
                   Uniquely mapped reads number |	3407118
                        Uniquely mapped reads % |	78.59%
                          Average mapped length |	73.78
                       Number of splices: Total |	158451
            Number of splices: Annotated (sjdb) |	141292
                       Number of splices: GT/AG |	151050
                       Number of splices: GC/AG |	1318
                       Number of splices: AT/AC |	66
               Number of splices: Non-canonical |	6017
                      Mismatch rate per base, % |	0.69%
                         Deletion rate per base |	0.04%
                        Deletion average length |	1.81
                        Insertion rate per base |	0.03%
                       Insertion average length |	1.56
                             MULTI-MAPPING READS:
        Number of reads mapped to multiple loci |	337832
             % of reads mapped to multiple loci |	7.79%
        Number of reads mapped to too many loci |	28484
             % of reads mapped to too many loci |	0.66%
                                  UNMAPPED READS:
       % of reads unmapped: too many mismatches |	0.00%
                 % of reads unmapped: too short |	11.74%
                     % of reads unmapped: other |	1.22%
                                  CHIMERIC READS:
                       Number of chimeric reads |	0
                            % of chimeric reads |	0.00%
