                                 Started job on |	Jul 26 07:04:28
                             Started mapping on |	Jul 26 07:04:30
                                    Finished on |	Jul 26 07:06:38
       Mapping speed, Million of reads per hour |	613.60

                          Number of input reads |	21816815
                      Average input read length |	75
                                    UNIQUE READS:
                   Uniquely mapped reads number |	20450215
                        Uniquely mapped reads % |	93.74%
                          Average mapped length |	75.24
                       Number of splices: Total |	1903550
            Number of splices: Annotated (sjdb) |	1870071
                       Number of splices: GT/AG |	1877700
                       Number of splices: GC/AG |	14011
                       Number of splices: AT/AC |	716
               Number of splices: Non-canonical |	11123
                      Mismatch rate per base, % |	0.46%
                         Deletion rate per base |	0.02%
                        Deletion average length |	1.83
                        Insertion rate per base |	0.02%
                       Insertion average length |	1.85
                             MULTI-MAPPING READS:
        Number of reads mapped to multiple loci |	784660
             % of reads mapped to multiple loci |	3.60%
        Number of reads mapped to too many loci |	128125
             % of reads mapped to too many loci |	0.59%
                                  UNMAPPED READS:
       % of reads unmapped: too many mismatches |	0.00%
                 % of reads unmapped: too short |	1.20%
                     % of reads unmapped: other |	0.88%
                                  CHIMERIC READS:
                       Number of chimeric reads |	0
                            % of chimeric reads |	0.00%
