                                 Started job on |	Jul 26 07:48:33
                             Started mapping on |	Jul 26 07:48:35
                                    Finished on |	Jul 26 08:14:37
       Mapping speed, Million of reads per hour |	63.14

                          Number of input reads |	27396678
                      Average input read length |	75
                                    UNIQUE READS:
                   Uniquely mapped reads number |	12307218
                        Uniquely mapped reads % |	44.92%
                          Average mapped length |	75.26
                       Number of splices: Total |	1453371
            Number of splices: Annotated (sjdb) |	1436061
                       Number of splices: GT/AG |	1434623
                       Number of splices: GC/AG |	13742
                       Number of splices: AT/AC |	598
               Number of splices: Non-canonical |	4408
                      Mismatch rate per base, % |	0.43%
                         Deletion rate per base |	0.01%
                        Deletion average length |	1.70
                        Insertion rate per base |	0.01%
                       Insertion average length |	1.51
                             MULTI-MAPPING READS:
        Number of reads mapped to multiple loci |	2445379
             % of reads mapped to multiple loci |	8.93%
        Number of reads mapped to too many loci |	235678
             % of reads mapped to too many loci |	0.86%
                                  UNMAPPED READS:
       % of reads unmapped: too many mismatches |	0.00%
                 % of reads unmapped: too short |	45.18%
                     % of reads unmapped: other |	0.11%
                                  CHIMERIC READS:
                       Number of chimeric reads |	0
                            % of chimeric reads |	0.00%
