                                 Started job on |	Apr 06 17:51:36
                             Started mapping on |	Apr 06 17:51:37
                                    Finished on |	Apr 06 17:53:30
       Mapping speed, Million of reads per hour |	294.75

                          Number of input reads |	9251743
                      Average input read length |	75
                                    UNIQUE READS:
                   Uniquely mapped reads number |	5839646
                        Uniquely mapped reads % |	63.12%
                          Average mapped length |	75.29
                       Number of splices: Total |	686858
            Number of splices: Annotated (sjdb) |	681333
                       Number of splices: GT/AG |	677346
                       Number of splices: GC/AG |	7674
                       Number of splices: AT/AC |	195
               Number of splices: Non-canonical |	1643
                      Mismatch rate per base, % |	0.40%
                         Deletion rate per base |	0.01%
                        Deletion average length |	1.76
                        Insertion rate per base |	0.01%
                       Insertion average length |	1.77
                             MULTI-MAPPING READS:
        Number of reads mapped to multiple loci |	2868011
             % of reads mapped to multiple loci |	31.00%
        Number of reads mapped to too many loci |	249446
             % of reads mapped to too many loci |	2.70%
                                  UNMAPPED READS:
       % of reads unmapped: too many mismatches |	0.00%
                 % of reads unmapped: too short |	3.16%
                     % of reads unmapped: other |	0.02%
                                  CHIMERIC READS:
                       Number of chimeric reads |	0
                            % of chimeric reads |	0.00%
