STAR version=STAR_2.6.1c_2018-10-30
STAR compilation time,server,dir=Tue Oct 30 11:36:06 EDT 2018 florence.cshl.edu:/sonas-hs/gingeras/nlsas_norepl/user/dobin/STAR/STAR.master/source
##### DEFAULT parameters:
versionSTAR                       20201
versionGenome                     20101   20200   
parametersFiles                   -   
sysShell                          -
runMode                           alignReads
runThreadN                        1
runDirPerm                        User_RWX
runRNGseed                        777
genomeDir                         ./GenomeDir/
genomeLoad                        NoSharedMemory
genomeFastaFiles                  -   
genomeChainFiles                  -   
genomeSAindexNbases               14
genomeChrBinNbits                 18
genomeSAsparseD                   1
genomeSuffixLengthMax             18446744073709551615
genomeFileSizes                   0   
genomeConsensusFile               -
readFilesType                     Fastx   
readFilesIn                       Read1   Read2   
readFilesPrefix                   -
readFilesCommand                  -   
readMatesLengthsIn                NotEqual
readMapNumber                     18446744073709551615
readNameSeparator                 /   
inputBAMfile                      -
bamRemoveDuplicatesType           -
bamRemoveDuplicatesMate2basesN    0
limitGenomeGenerateRAM            31000000000
limitIObufferSize                 150000000
limitOutSAMoneReadBytes           100000
limitOutSJcollapsed               1000000
limitOutSJoneRead                 1000
limitBAMsortRAM                   0
limitSjdbInsertNsj                1000000
outTmpDir                         -
outTmpKeep                        None
outStd                            Log
outReadsUnmapped                  None
outQSconversionAdd                0
outMultimapperOrder               Old_2.4
outSAMtype                        SAM   
outSAMmode                        Full
outSAMstrandField                 None
outSAMattributes                  Standard   
outSAMunmapped                    None   
outSAMorder                       Paired
outSAMprimaryFlag                 OneBestScore
outSAMreadID                      Standard
outSAMmapqUnique                  255
outSAMflagOR                      0
outSAMflagAND                     65535
outSAMattrRGline                  -   
outSAMheaderHD                    -   
outSAMheaderPG                    -   
outSAMheaderCommentFile           -
outBAMcompression                 1
outBAMsortingThreadN              0
outBAMsortingBinsN                50
outSAMfilter                      None   
outSAMmultNmax                    18446744073709551615
outSAMattrIHstart                 1
outSAMtlen                        1
outSJfilterReads                  All
outSJfilterCountUniqueMin         3   1   1   1   
outSJfilterCountTotalMin          3   1   1   1   
outSJfilterOverhangMin            30   12   12   12   
outSJfilterDistToOtherSJmin       10   0   5   10   
outSJfilterIntronMaxVsReadN       50000   100000   200000   
outWigType                        None   
outWigStrand                      Stranded   
outWigReferencesPrefix            -
outWigNorm                        RPM   
outFilterType                     Normal
outFilterMultimapNmax             10
outFilterMultimapScoreRange       1
outFilterScoreMin                 0
outFilterScoreMinOverLread        0.66
outFilterMatchNmin                0
outFilterMatchNminOverLread       0.66
outFilterMismatchNmax             10
outFilterMismatchNoverLmax        0.3
outFilterMismatchNoverReadLmax    1
outFilterIntronMotifs             None
outFilterIntronStrands            RemoveInconsistentStrands
clip5pNbases                      0   
clip3pNbases                      0   
clip3pAfterAdapterNbases          0   
clip3pAdapterSeq                  -   
clip3pAdapterMMp                  0.1   
winBinNbits                       16
winAnchorDistNbins                9
winFlankNbins                     4
winAnchorMultimapNmax             50
winReadCoverageRelativeMin        0.5
winReadCoverageBasesMin           0
scoreGap                          0
scoreGapNoncan                    -8
scoreGapGCAG                      -4
scoreGapATAC                      -8
scoreStitchSJshift                1
scoreGenomicLengthLog2scale       -0.25
scoreDelBase                      -2
scoreDelOpen                      -2
scoreInsOpen                      -2
scoreInsBase                      -2
seedSearchLmax                    0
seedSearchStartLmax               50
seedSearchStartLmaxOverLread      1
seedPerReadNmax                   1000
seedPerWindowNmax                 50
seedNoneLociPerWindow             10
seedMultimapNmax                  10000
seedSplitMin                      12
alignIntronMin                    21
alignIntronMax                    0
alignMatesGapMax                  0
alignTranscriptsPerReadNmax       10000
alignSJoverhangMin                5
alignSJDBoverhangMin              3
alignSJstitchMismatchNmax         0   -1   0   0   
alignSplicedMateMapLmin           0
alignSplicedMateMapLminOverLmate    0.66
alignWindowsPerReadNmax           10000
alignTranscriptsPerWindowNmax     100
alignEndsType                     Local
alignSoftClipAtReferenceEnds      Yes
alignEndsProtrude                 0   ConcordantPair   
alignInsertionFlush               None
peOverlapNbasesMin                0
peOverlapMMp                      0.01
chimSegmentMin                    0
chimScoreMin                      0
chimScoreDropMax                  20
chimScoreSeparation               10
chimScoreJunctionNonGTAG          -1
chimMainSegmentMultNmax           10
chimJunctionOverhangMin           20
chimOutType                       Junctions   
chimFilter                        banGenomicN   
chimSegmentReadGapMax             0
chimMultimapNmax                  0
chimMultimapScoreRange            1
chimNonchimScoreDropMin           20
chimOutJunctionFormat             0   
sjdbFileChrStartEnd               -   
sjdbGTFfile                       -
sjdbGTFchrPrefix                  -
sjdbGTFfeatureExon                exon
sjdbGTFtagExonParentTranscript    transcript_id
sjdbGTFtagExonParentGene          gene_id
sjdbOverhang                      100
sjdbScore                         2
sjdbInsertSave                    Basic
varVCFfile                        -
waspOutputMode                    None
quantMode                         -   
quantTranscriptomeBAMcompression    1
quantTranscriptomeBan             IndelSoftclipSingleend
twopass1readsN                    18446744073709551615
twopassMode                       None
##### Command Line:
STAR --genomeDir STAR_indexing/dm6_STAR_index --runThreadN 8 --readFilesCommand zcat --outSAMtype BAM SortedByCoordinate --quantMode GeneCounts --readFilesIn pelo_cyo_polysome_2.fastq.gz --outFileNamePrefix STAR_processed_files/pelo_cyo_polysome_2/pelo_cyo_polysome_2
##### Initial USER parameters from Command Line:
outFileNamePrefix                 STAR_processed_files/pelo_cyo_polysome_2/pelo_cyo_polysome_2
###### All USER parameters from Command Line:
genomeDir                     STAR_indexing/dm6_STAR_index     ~RE-DEFINED
runThreadN                    8     ~RE-DEFINED
readFilesCommand              zcat        ~RE-DEFINED
outSAMtype                    BAM   SortedByCoordinate        ~RE-DEFINED
quantMode                     GeneCounts        ~RE-DEFINED
readFilesIn                   pelo_cyo_polysome_2.fastq.gz        ~RE-DEFINED
outFileNamePrefix             STAR_processed_files/pelo_cyo_polysome_2/pelo_cyo_polysome_2     ~RE-DEFINED
##### Finished reading parameters from all sources

##### Final user re-defined parameters-----------------:
runThreadN                        8
genomeDir                         STAR_indexing/dm6_STAR_index
readFilesIn                       pelo_cyo_polysome_2.fastq.gz   
readFilesCommand                  zcat   
outFileNamePrefix                 STAR_processed_files/pelo_cyo_polysome_2/pelo_cyo_polysome_2
outSAMtype                        BAM   SortedByCoordinate   
quantMode                         GeneCounts   

-------------------------------
##### Final effective command line:
STAR   --runThreadN 8   --genomeDir STAR_indexing/dm6_STAR_index   --readFilesIn pelo_cyo_polysome_2.fastq.gz      --readFilesCommand zcat      --outFileNamePrefix STAR_processed_files/pelo_cyo_polysome_2/pelo_cyo_polysome_2   --outSAMtype BAM   SortedByCoordinate      --quantMode GeneCounts   

##### Final parameters after user input--------------------------------:
versionSTAR                       20201
versionGenome                     20101   20200   
parametersFiles                   -   
sysShell                          -
runMode                           alignReads
runThreadN                        8
runDirPerm                        User_RWX
runRNGseed                        777
genomeDir                         STAR_indexing/dm6_STAR_index
genomeLoad                        NoSharedMemory
genomeFastaFiles                  -   
genomeChainFiles                  -   
genomeSAindexNbases               14
genomeChrBinNbits                 18
genomeSAsparseD                   1
genomeSuffixLengthMax             18446744073709551615
genomeFileSizes                   0   
genomeConsensusFile               -
readFilesType                     Fastx   
readFilesIn                       pelo_cyo_polysome_2.fastq.gz   
readFilesPrefix                   -
readFilesCommand                  zcat   
readMatesLengthsIn                NotEqual
readMapNumber                     18446744073709551615
readNameSeparator                 /   
inputBAMfile                      -
bamRemoveDuplicatesType           -
bamRemoveDuplicatesMate2basesN    0
limitGenomeGenerateRAM            31000000000
limitIObufferSize                 150000000
limitOutSAMoneReadBytes           100000
limitOutSJcollapsed               1000000
limitOutSJoneRead                 1000
limitBAMsortRAM                   0
limitSjdbInsertNsj                1000000
outFileNamePrefix                 STAR_processed_files/pelo_cyo_polysome_2/pelo_cyo_polysome_2
outTmpDir                         -
outTmpKeep                        None
outStd                            Log
outReadsUnmapped                  None
outQSconversionAdd                0
outMultimapperOrder               Old_2.4
outSAMtype                        BAM   SortedByCoordinate   
outSAMmode                        Full
outSAMstrandField                 None
outSAMattributes                  Standard   
outSAMunmapped                    None   
outSAMorder                       Paired
outSAMprimaryFlag                 OneBestScore
outSAMreadID                      Standard
outSAMmapqUnique                  255
outSAMflagOR                      0
outSAMflagAND                     65535
outSAMattrRGline                  -   
outSAMheaderHD                    -   
outSAMheaderPG                    -   
outSAMheaderCommentFile           -
outBAMcompression                 1
outBAMsortingThreadN              0
outBAMsortingBinsN                50
outSAMfilter                      None   
outSAMmultNmax                    18446744073709551615
outSAMattrIHstart                 1
outSAMtlen                        1
outSJfilterReads                  All
outSJfilterCountUniqueMin         3   1   1   1   
outSJfilterCountTotalMin          3   1   1   1   
outSJfilterOverhangMin            30   12   12   12   
outSJfilterDistToOtherSJmin       10   0   5   10   
outSJfilterIntronMaxVsReadN       50000   100000   200000   
outWigType                        None   
outWigStrand                      Stranded   
outWigReferencesPrefix            -
outWigNorm                        RPM   
outFilterType                     Normal
outFilterMultimapNmax             10
outFilterMultimapScoreRange       1
outFilterScoreMin                 0
outFilterScoreMinOverLread        0.66
outFilterMatchNmin                0
outFilterMatchNminOverLread       0.66
outFilterMismatchNmax             10
outFilterMismatchNoverLmax        0.3
outFilterMismatchNoverReadLmax    1
outFilterIntronMotifs             None
outFilterIntronStrands            RemoveInconsistentStrands
clip5pNbases                      0   
clip3pNbases                      0   
clip3pAfterAdapterNbases          0   
clip3pAdapterSeq                  -   
clip3pAdapterMMp                  0.1   
winBinNbits                       16
winAnchorDistNbins                9
winFlankNbins                     4
winAnchorMultimapNmax             50
winReadCoverageRelativeMin        0.5
winReadCoverageBasesMin           0
scoreGap                          0
scoreGapNoncan                    -8
scoreGapGCAG                      -4
scoreGapATAC                      -8
scoreStitchSJshift                1
scoreGenomicLengthLog2scale       -0.25
scoreDelBase                      -2
scoreDelOpen                      -2
scoreInsOpen                      -2
scoreInsBase                      -2
seedSearchLmax                    0
seedSearchStartLmax               50
seedSearchStartLmaxOverLread      1
seedPerReadNmax                   1000
seedPerWindowNmax                 50
seedNoneLociPerWindow             10
seedMultimapNmax                  10000
seedSplitMin                      12
alignIntronMin                    21
alignIntronMax                    0
alignMatesGapMax                  0
alignTranscriptsPerReadNmax       10000
alignSJoverhangMin                5
alignSJDBoverhangMin              3
alignSJstitchMismatchNmax         0   -1   0   0   
alignSplicedMateMapLmin           0
alignSplicedMateMapLminOverLmate    0.66
alignWindowsPerReadNmax           10000
alignTranscriptsPerWindowNmax     100
alignEndsType                     Local
alignSoftClipAtReferenceEnds      Yes
alignEndsProtrude                 0   ConcordantPair   
alignInsertionFlush               None
peOverlapNbasesMin                0
peOverlapMMp                      0.01
chimSegmentMin                    0
chimScoreMin                      0
chimScoreDropMax                  20
chimScoreSeparation               10
chimScoreJunctionNonGTAG          -1
chimMainSegmentMultNmax           10
chimJunctionOverhangMin           20
chimOutType                       Junctions   
chimFilter                        banGenomicN   
chimSegmentReadGapMax             0
chimMultimapNmax                  0
chimMultimapScoreRange            1
chimNonchimScoreDropMin           20
chimOutJunctionFormat             0   
sjdbFileChrStartEnd               -   
sjdbGTFfile                       -
sjdbGTFchrPrefix                  -
sjdbGTFfeatureExon                exon
sjdbGTFtagExonParentTranscript    transcript_id
sjdbGTFtagExonParentGene          gene_id
sjdbOverhang                      100
sjdbScore                         2
sjdbInsertSave                    Basic
varVCFfile                        -
waspOutputMode                    None
quantMode                         GeneCounts   
quantTranscriptomeBAMcompression    1
quantTranscriptomeBan             IndelSoftclipSingleend
twopass1readsN                    18446744073709551615
twopassMode                       None
----------------------------------------


   Input read files for mate 1, from input string pelo_cyo_polysome_2.fastq.gz
-rwxr-xr-x. 1 em949587 student 882893025 Mar 27 09:00 pelo_cyo_polysome_2.fastq.gz

   readsCommandsFile:
exec > "STAR_processed_files/pelo_cyo_polysome_2/pelo_cyo_polysome_2_STARtmp/tmp.fifo.read1"
echo FILE 0
zcat      "pelo_cyo_polysome_2.fastq.gz"

WARNING: --limitBAMsortRAM=0, will use genome size as RAM limit for BAM sorting
Finished loading and checking parameters
Reading genome generation parameters:
### STAR   --runMode genomeGenerate   --runThreadN 8   --genomeDir Output/   --genomeFastaFiles dm6.fa      --sjdbGTFfile dm6.refGene.gtf   --sjdbOverhang 75
### GstrandBit=32
versionGenome                 20201        ~RE-DEFINED
genomeFastaFiles              dm6.fa        ~RE-DEFINED
genomeSAindexNbases           14     ~RE-DEFINED
genomeChrBinNbits             18     ~RE-DEFINED
genomeSAsparseD               1     ~RE-DEFINED
sjdbOverhang                  75     ~RE-DEFINED
sjdbFileChrStartEnd           -        ~RE-DEFINED
sjdbGTFfile                   dm6.refGene.gtf     ~RE-DEFINED
sjdbGTFchrPrefix              -     ~RE-DEFINED
sjdbGTFfeatureExon            exon     ~RE-DEFINED
sjdbGTFtagExonParentTranscripttranscript_id     ~RE-DEFINED
sjdbGTFtagExonParentGene      gene_id     ~RE-DEFINED
sjdbInsertSave                Basic     ~RE-DEFINED
genomeFileSizes               635850381   1250510864        ~RE-DEFINED
Genome version is compatible with current STAR version
Number of real (reference) chromosomes= 1870
1	chr2L	23513712	0
2	chr2R	25286936	23592960
3	chr3L	28110227	49020928
4	chr3R	32079331	77332480
5	chr4	1348131	109576192
6	chrM	19524	111149056
7	chrUn_DS485919v1	1021	111411200
8	chrUn_DS483755v1	6936	111673344
9	chrUn_DS485425v1	1143	111935488
10	chrUn_DS484861v1	1395	112197632
11	chrUn_DS484484v1	2020	112459776
12	chrUn_DS483705v1	27456	112721920
13	chrUn_DS485490v1	1127	112984064
14	chrUn_DS485998v1	1003	113246208
15	chrUn_DS483873v1	4222	113508352
16	chrUn_DS485608v1	1097	113770496
17	chrUn_DS485270v1	1185	114032640
18	chrUn_DS485979v1	1008	114294784
19	chrUn_DS485398v1	1148	114556928
20	chrUn_DS484139v1	2820	114819072
21	chrUn_DS483906v1	3924	115081216
22	chrUn_DS485760v1	1058	115343360
23	chrUn_DS484191v1	2665	115605504
24	chrUn_DS485340v1	1163	115867648
25	chrUn_DS484489v1	2008	116129792
26	chrUn_DS485495v1	1126	116391936
27	chrUn_DS484923v1	1343	116654080
28	chrUn_DS484663v1	1714	116916224
29	chrUn_DS485390v1	1152	117178368
30	chrUn_DS485130v1	1232	117440512
31	chrUn_DS485995v1	1004	117702656
32	chrUn_DS484448v1	2088	117964800
33	chrUn_DS484827v1	1432	118226944
34	chrUn_DS485467v1	1132	118489088
35	chrUn_DS485433v1	1140	118751232
36	chrUn_DS484944v1	1330	119013376
37	chrUn_DS485504v1	1123	119275520
38	chrUn_DS484938v1	1334	119537664
39	chrUn_DS485984v1	1006	119799808
40	chrUn_DS484921v1	1346	120061952
41	chrUn_DS485859v1	1036	120324096
42	chrUn_DS485086v1	1250	120586240
43	chrUn_DS484058v1	3073	120848384
44	chrUn_DS485294v1	1178	121110528
45	chrUn_DS484855v1	1404	121372672
46	chrUn_DS485356v1	1160	121634816
47	chrUn_DS485246v1	1193	121896960
48	chrUn_DS485386v1	1153	122159104
49	chrUn_DS484726v1	1571	122421248
50	chrUn_DS484366v1	2266	122683392
51	chrUn_DS486002v1	1001	122945536
52	chrUn_DS484770v1	1504	123207680
53	chrUn_DS485354v1	1160	123469824
54	chrUn_DS483728v1	12681	123731968
55	chrUn_DS485403v1	1148	123994112
56	chrUn_DS484964v1	1315	124256256
57	chrUn_DS483921v1	3806	124518400
58	chrUn_DS485181v1	1214	124780544
59	chrUn_DS485602v1	1099	125042688
60	chrUn_DS485783v1	1052	125304832
61	chrUn_DS485547v1	1112	125566976
62	chrUn_DS485280v1	1184	125829120
63	chrUn_DS483976v1	3463	126091264
64	chrUn_DS484972v1	1310	126353408
65	chrUn_DS484407v1	2176	126615552
66	chrUn_DS484446v1	2090	126877696
67	chrUn_DS485906v1	1025	127139840
68	chrUn_DS484769v1	1508	127401984
69	chrUn_DS484527v1	1956	127664128
70	chrUn_DS484933v1	1337	127926272
71	chrUn_DS483748v1	8346	128188416
72	chrUn_DS484460v1	2076	128450560
73	chrUn_DS483711v1	14687	128712704
74	chrUn_DS484039v1	3162	128974848
75	chrUn_DS484339v1	2330	129236992
76	chrUn_DS485457v1	1135	129499136
77	chrUn_DS485643v1	1086	129761280
78	chrUn_DS484689v1	1650	130023424
79	chrUn_DS485822v1	1045	130285568
80	chrUn_DS485678v1	1077	130547712
81	chrUn_DS485150v1	1226	130809856
82	chrUn_DS484746v1	1540	131072000
83	chrUn_DS485957v1	1013	131334144
84	chrUn_DS485541v1	1114	131596288
85	chrUn_DS485741v1	1063	131858432
86	chrUn_DS484490v1	2006	132120576
87	chrUn_DS484881v1	1380	132382720
88	chrUn_DS485539v1	1115	132644864
89	chrUn_DS485958v1	1013	132907008
90	chrUn_DS485748v1	1061	133169152
91	chrUn_DS484822v1	1436	133431296
92	chrUn_DS485421v1	1144	133693440
93	chrUn_DS485296v1	1178	133955584
94	chrUn_DS485337v1	1163	134217728
95	chrUn_DS483700v1	11430	134479872
96	chrUn_DS484511v1	1974	134742016
97	chrUn_DS485973v1	1010	135004160
98	chrUn_DS483719v1	12027	135266304
99	chrUn_DS484571v1	1893	135528448
100	chrUn_DS485733v1	1063	135790592
101	chrUn_CP007102v1	12714	136052736
102	chrUn_DS484052v1	3089	136314880
103	chrUn_DS485073v1	1259	136577024
104	chrUn_DS484257v1	2511	136839168
105	chrUn_DS485376v1	1155	137101312
106	chrUn_DS484485v1	2017	137363456
107	chrUn_DS485572v1	1107	137625600
108	chrUn_DS484816v1	1446	137887744
109	chrUn_DS485925v1	1020	138149888
110	chrUn_DS485239v1	1195	138412032
111	chrUn_DS485853v1	1038	138674176
112	chrUn_DS485443v1	1138	138936320
113	chrUn_DS485381v1	1154	139198464
114	chrUn_DS485339v1	1163	139460608
115	chrUn_DS484707v1	1614	139722752
116	chrUn_DS485675v1	1078	139984896
117	chrUn_DS485065v1	1262	140247040
118	chrUn_DS484546v1	1928	140509184
119	chrUn_DS485846v1	1040	140771328
120	chrUn_DS484667v1	1710	141033472
121	chrUn_DS484756v1	1525	141295616
122	chrUn_DS485558v1	1110	141557760
123	chrUn_DS485703v1	1071	141819904
124	chrUn_DS483977v1	3458	142082048
125	chrUn_DS485341v1	1162	142344192
126	chrUn_DS484226v1	2576	142606336
127	chrUn_DS485505v1	1123	142868480
128	chrUn_DS485451v1	1136	143130624
129	chrUn_DS484736v1	1552	143392768
130	chrUn_DS484304v1	2390	143654912
131	chrUn_DS485024v1	1278	143917056
132	chrUn_DS485808v1	1047	144179200
133	chrUn_DS485578v1	1105	144441344
134	chrUn_DS485029v1	1277	144703488
135	chrUn_DS485634v1	1088	144965632
136	chrUn_DS483877v1	4183	145227776
137	chrUn_DS483723v1	21074	145489920
138	chrUn_DS485038v1	1272	145752064
139	chrUn_DS485788v1	1051	146014208
140	chrUn_DS484496v1	1998	146276352
141	chrUn_DS484841v1	1416	146538496
142	chrUn_DS485123v1	1234	146800640
143	chrUn_DS485261v1	1189	147062784
144	chrUn_DS485673v1	1078	147324928
145	chrUn_DS483879v1	4163	147587072
146	chrUn_DS484716v1	1594	147849216
147	chrUn_DS485907v1	1025	148111360
148	chrUn_DS484100v1	2905	148373504
149	chrUn_DS486008v1	1001	148635648
150	chrUn_DS485747v1	1062	148897792
151	chrUn_DS485891v1	1029	149159936
152	chrUn_DS484329v1	2354	149422080
153	chrUn_DS484653v1	1732	149684224
154	chrUn_DS483692v1	11985	149946368
155	chrUn_DS485387v1	1152	150208512
156	chrUn_DS483938v1	3650	150470656
157	chrUn_DS484073v1	2999	150732800
158	chrUn_DS483957v1	3553	150994944
159	chrUn_DS484050v1	3100	151257088
160	chrUn_DS483694v1	11951	151519232
161	chrUn_DS485407v1	1147	151781376
162	chrUn_DS485357v1	1159	152043520
163	chrUn_DS484122v1	2849	152305664
164	chrUn_DS484548v1	1926	152567808
165	chrUn_DS485254v1	1190	152829952
166	chrUn_DS484988v1	1301	153092096
167	chrUn_DS485205v1	1206	153354240
168	chrUn_DS485793v1	1050	153616384
169	chrUn_DS485496v1	1126	153878528
170	chrUn_DS484904v1	1366	154140672
171	chrUn_DS483707v1	25840	154402816
172	chrUn_DS485365v1	1157	154664960
173	chrUn_DS485789v1	1051	154927104
174	chrUn_DS484842v1	1416	155189248
175	chrUn_DS484180v1	2697	155451392
176	chrUn_DS485333v1	1165	155713536
177	chrUn_DS485954v1	1014	155975680
178	chrUn_DS484202v1	2636	156237824
179	chrUn_DS485825v1	1044	156499968
180	chrUn_DS485285v1	1181	156762112
181	chrUn_DS485223v1	1200	157024256
182	chrUn_DS485313v1	1171	157286400
183	chrUn_DS484567v1	1900	157548544
184	chrUn_DS484040v1	3159	157810688
185	chrUn_DS484475v1	2043	158072832
186	chrUn_DS484168v1	2744	158334976
187	chrUn_DS485711v1	1070	158597120
188	chrUn_DS485475v1	1130	158859264
189	chrUn_DS484532v1	1945	159121408
190	chrUn_DS484751v1	1533	159383552
191	chrUn_DS484229v1	2575	159645696
192	chrUn_DS485870v1	1033	159907840
193	chrUn_DS484787v1	1475	160169984
194	chrUn_DS484277v1	2442	160432128
195	chrUn_DS485304v1	1175	160694272
196	chrUn_DS485794v1	1049	160956416
197	chrUn_DS485226v1	1199	161218560
198	chrUn_DS484470v1	2059	161480704
199	chrUn_DS484303v1	2390	161742848
200	chrUn_DS485506v1	1123	162004992
201	chrUn_DS485522v1	1118	162267136
202	chrUn_DS484505v1	1986	162529280
203	chrUn_DS485854v1	1038	162791424
204	chrUn_DS485342v1	1162	163053568
205	chrUn_DS484739v1	1549	163315712
206	chrUn_DS484452v1	2086	163577856
207	chrUn_DS484720v1	1586	163840000
208	chrUn_DS485722v1	1067	164102144
209	chrUn_DS484522v1	1962	164364288
210	chrUn_DS485781v1	1052	164626432
211	chrUn_DS485542v1	1114	164888576
212	chrUn_DS485821v1	1045	165150720
213	chrUn_DS484350v1	2304	165412864
214	chrUn_DS485623v1	1090	165675008
215	chrUn_DS485989v1	1005	165937152
216	chrUn_DS485743v1	1062	166199296
217	chrUn_DS485872v1	1033	166461440
218	chrUn_DS484190v1	2668	166723584
219	chrUn_DS485240v1	1195	166985728
220	chrUn_DS484844v1	1415	167247872
221	chrUn_DS483695v1	11743	167510016
222	chrUn_DS484798v1	1466	167772160
223	chrUn_DS484096v1	2916	168034304
224	chrUn_DS483799v1	5323	168296448
225	chrUn_DS484843v1	1416	168558592
226	chrUn_DS484659v1	1719	168820736
227	chrUn_DS485864v1	1035	169082880
228	chrUn_DS484825v1	1432	169345024
229	chrUn_DS485229v1	1198	169607168
230	chrUn_DS485773v1	1054	169869312
231	chrUn_DS485659v1	1082	170131456
232	chrUn_DS484993v1	1297	170393600
233	chrUn_DS484896v1	1374	170655744
234	chrUn_DS486005v1	1001	170917888
235	chrUn_DS485047v1	1270	171180032
236	chrUn_DS484069v1	3010	171442176
237	chrUn_DS485138v1	1229	171704320
238	chrUn_DS485929v1	1020	171966464
239	chrUn_DS485886v1	1030	172228608
240	chrUn_DS484493v1	2005	172490752
241	chrUn_DS485661v1	1081	172752896
242	chrUn_DS484866v1	1391	173015040
243	chrUn_DS484772v1	1502	173277184
244	chrUn_DS484727v1	1567	173539328
245	chrUn_DS485838v1	1042	173801472
246	chrUn_DS485701v1	1072	174063616
247	chrUn_DS483936v1	3681	174325760
248	chrUn_DS485581v1	1105	174587904
249	chrUn_DS485019v1	1280	174850048
250	chrUn_DS483940v1	3648	175112192
251	chrUn_DS485810v1	1047	175374336
252	chrUn_DS485982v1	1007	175636480
253	chrUn_DS485165v1	1222	175898624
254	chrUn_DS484404v1	2185	176160768
255	chrUn_DS483736v1	14006	176422912
256	chrUn_DS485654v1	1084	176685056
257	chrUn_DS485415v1	1146	176947200
258	chrUn_DS484275v1	2451	177209344
259	chrUn_DS485255v1	1190	177471488
260	chrUn_DS484383v1	2221	177733632
261	chrUn_DS485331v1	1165	177995776
262	chrUn_DS483901v1	3950	178257920
263	chrUn_DS484884v1	1378	178520064
264	chrUn_DS484515v1	1966	178782208
265	chrUn_DS485883v1	1030	179044352
266	chrUn_DS483703v1	11126	179306496
267	chrUn_DS485311v1	1173	179568640
268	chrUn_DS484897v1	1373	179830784
269	chrUn_DS483933v1	3708	180092928
270	chrUn_DS485740v1	1063	180355072
271	chrUn_DS485290v1	1179	180617216
272	chrUn_DS484481v1	2027	180879360
273	chrUn_DS485349v1	1161	181141504
274	chrUn_DS484454v1	2084	181403648
275	chrUn_DS483808v1	5060	181665792
276	chrUn_DS484976v1	1308	181927936
277	chrUn_DS484311v1	2383	182190080
278	chrUn_DS485089v1	1247	182452224
279	chrUn_DS485985v1	1006	182714368
280	chrUn_DS485753v1	1059	182976512
281	chrUn_DS484776v1	1490	183238656
282	chrUn_DS483864v1	4295	183500800
283	chrUn_DS485132v1	1231	183762944
284	chrUn_DS485209v1	1205	184025088
285	chrUn_DS485693v1	1074	184287232
286	chrUn_DS484210v1	2617	184549376
287	chrUn_DS484764v1	1518	184811520
288	chrUn_DS484999v1	1294	185073664
289	chrUn_DS484232v1	2570	185335808
290	chrUn_DS484262v1	2491	185597952
291	chrUn_DS484076v1	2991	185860096
292	chrUn_DS485437v1	1140	186122240
293	chrUn_DS485515v1	1120	186384384
294	chrUn_DS485199v1	1208	186646528
295	chrUn_DS485462v1	1134	186908672
296	chrUn_DS485501v1	1124	187170816
297	chrUn_DS484710v1	1610	187432960
298	chrUn_DS485153v1	1225	187695104
299	chrUn_DS484920v1	1347	187957248
300	chrUn_DS485163v1	1223	188219392
301	chrUn_DS485940v1	1018	188481536
302	chrUn_DS485650v1	1084	188743680
303	chrUn_DS483849v1	4400	189005824
304	chrUn_DS483972v1	3477	189267968
305	chrUn_DS485242v1	1194	189530112
306	chrUn_DS485056v1	1263	189792256
307	chrUn_DS485683v1	1076	190054400
308	chrUn_DS483682v1	12354	190316544
309	chrUn_DS484478v1	2033	190578688
310	chrUn_DS485325v1	1167	190840832
311	chrUn_DS484054v1	3080	191102976
312	chrUn_DS484771v1	1504	191365120
313	chrUn_DS485477v1	1130	191627264
314	chrUn_DS484170v1	2733	191889408
315	chrUn_DS484922v1	1344	192151552
316	chrUn_DS484160v1	2783	192413696
317	chrUn_DS485812v1	1047	192675840
318	chrUn_DS485438v1	1139	192937984
319	chrUn_DS485102v1	1240	193200128
320	chrUn_DS485082v1	1251	193462272
321	chrUn_DS483743v1	11569	193724416
322	chrUn_DS484282v1	2435	193986560
323	chrUn_DS485664v1	1081	194248704
324	chrUn_DS484369v1	2253	194510848
325	chrUn_DS485585v1	1103	194772992
326	chrUn_DS484948v1	1328	195035136
327	chrUn_DS484728v1	1566	195297280
328	chrUn_DS484313v1	2381	195559424
329	chrUn_DS485395v1	1150	195821568
330	chrUn_DS484443v1	2094	196083712
331	chrUn_DS483650v1	13906	196345856
332	chrUn_DS485498v1	1125	196608000
333	chrUn_DS485668v1	1080	196870144
334	chrUn_DS485751v1	1060	197132288
335	chrUn_DS484077v1	2984	197394432
336	chrUn_DS485900v1	1027	197656576
337	chrUn_DS485545v1	1114	197918720
338	chrUn_DS485076v1	1258	198180864
339	chrUn_DS484394v1	2200	198443008
340	chrUn_DS485064v1	1262	198705152
341	chrUn_DS484549v1	1926	198967296
342	chrUn_DS484738v1	1550	199229440
343	chrUn_DS484985v1	1303	199491584
344	chrUn_DS485324v1	1167	199753728
345	chrUn_DS485904v1	1025	200015872
346	chrUn_DS484979v1	1304	200278016
347	chrUn_DS485353v1	1160	200540160
348	chrUn_DS485688v1	1075	200802304
349	chrUn_DS484987v1	1302	201064448
350	chrUn_DS483680v1	12399	201326592
351	chrUn_DS485686v1	1075	201588736
352	chrUn_DS484456v1	2081	201850880
353	chrUn_DS485488v1	1127	202113024
354	chrUn_DS484479v1	2033	202375168
355	chrUn_DS484154v1	2791	202637312
356	chrUn_DS483845v1	4465	202899456
357	chrUn_DS484251v1	2521	203161600
358	chrUn_DS485442v1	1139	203423744
359	chrUn_DS484559v1	1905	203685888
360	chrUn_DS485062v1	1262	203948032
361	chrUn_DS484333v1	2344	204210176
362	chrUn_DS484207v1	2626	204472320
363	chrUn_DS485322v1	1168	204734464
364	chrUn_DS484309v1	2384	204996608
365	chrUn_DS485100v1	1241	205258752
366	chrUn_DS485526v1	1117	205520896
367	chrUn_DS483914v1	3864	205783040
368	chrUn_DS485362v1	1158	206045184
369	chrUn_DS484760v1	1521	206307328
370	chrUn_DS485893v1	1029	206569472
371	chrUn_DS484846v1	1412	206831616
372	chrUn_DS485249v1	1192	207093760
373	chrUn_DS484102v1	2903	207355904
374	chrUn_DS484380v1	2227	207618048
375	chrUn_DS485466v1	1133	207880192
376	chrUn_DS483805v1	5182	208142336
377	chrUn_DS485000v1	1293	208404480
378	chrUn_DS484243v1	2541	208666624
379	chrUn_DS483871v1	4225	208928768
380	chrUn_DS484436v1	2105	209190912
381	chrUn_DS484713v1	1608	209453056
382	chrUn_DS485863v1	1035	209715200
383	chrUn_DS485905v1	1025	209977344
384	chrUn_DS485055v1	1264	210239488
385	chrUn_DS483712v1	14199	210501632
386	chrUn_DS484152v1	2793	210763776
387	chrUn_DS485472v1	1131	211025920
388	chrUn_DS483678v1	12424	211288064
389	chrUn_DS484709v1	1611	211550208
390	chrUn_DS485026v1	1278	211812352
391	chrUn_DS484508v1	1976	212074496
392	chrUn_DS485842v1	1041	212336640
393	chrUn_DS485826v1	1044	212598784
394	chrUn_DS484578v1	1872	212860928
395	chrUn_DS485766v1	1056	213123072
396	chrUn_DS484654v1	1728	213385216
397	chrUn_DS485058v1	1263	213647360
398	chrUn_DS485828v1	1043	213909504
399	chrUn_DS484301v1	2394	214171648
400	chrUn_DS483740v1	12002	214433792
401	chrUn_DS484606v1	1826	214695936
402	chrUn_DS484220v1	2588	214958080
403	chrUn_DS484355v1	2291	215220224
404	chrUn_DS485682v1	1076	215482368
405	chrUn_DS485563v1	1109	215744512
406	chrUn_DS485059v1	1263	216006656
407	chrUn_DS486004v1	1001	216268800
408	chrUn_DS485173v1	1219	216530944
409	chrUn_DS483759v1	6860	216793088
410	chrUn_DS484111v1	2881	217055232
411	chrUn_DS483674v1	12632	217317376
412	chrUn_DS484895v1	1374	217579520
413	chrUn_DS484577v1	1882	217841664
414	chrUn_DS484400v1	2190	218103808
415	chrUn_DS484721v1	1581	218365952
416	chrUn_DS485529v1	1117	218628096
417	chrUn_DS484445v1	2092	218890240
418	chrUn_DS484991v1	1299	219152384
419	chrUn_DS484642v1	1754	219414528
420	chrUn_DS485868v1	1035	219676672
421	chrUn_DS485607v1	1097	219938816
422	chrUn_DS483876v1	4188	220200960
423	chrUn_DS485867v1	1035	220463104
424	chrUn_DS485509v1	1123	220725248
425	chrUn_DS484241v1	2547	220987392
426	chrUn_DS485605v1	1098	221249536
427	chrUn_DS484331v1	2352	221511680
428	chrUn_DS484106v1	2884	221773824
429	chrUn_DS485368v1	1157	222035968
430	chrUn_DS484276v1	2447	222298112
431	chrUn_DS485005v1	1289	222560256
432	chrUn_DS485469v1	1132	222822400
433	chrUn_DS485566v2	544	223084544
434	chrUn_DS483855v1	4377	223346688
435	chrUn_DS483662v1	13317	223608832
436	chrUn_DS485260v1	1189	223870976
437	chrUn_DS484469v1	2060	224133120
438	chrUn_DS484601v1	1832	224395264
439	chrUn_DS483681v1	12368	224657408
440	chrUn_DS484916v1	1352	224919552
441	chrUn_DS484385v1	2217	225181696
442	chrUn_DS485557v1	1110	225443840
443	chrUn_DS485997v1	1004	225705984
444	chrUn_DS484960v1	1316	225968128
445	chrUn_DS483726v1	14983	226230272
446	chrUn_DS485456v1	1135	226492416
447	chrUn_DS484246v1	2529	226754560
448	chrUn_DS485887v1	1029	227016704
449	chrUn_DS484396v1	2198	227278848
450	chrUn_DS485902v1	1026	227540992
451	chrUn_DS484629v1	1785	227803136
452	chrUn_DS484310v1	2383	228065280
453	chrUn_DS485117v1	1236	228327424
454	chrUn_DS485468v1	1132	228589568
455	chrUn_DS484263v1	2487	228851712
456	chrUn_DS485224v1	1200	229113856
457	chrUn_DS485156v1	1225	229376000
458	chrUn_DS484501v1	1990	229638144
459	chrUn_DS485991v1	1005	229900288
460	chrUn_DS485964v1	1012	230162432
461	chrUn_DS485361v1	1159	230424576
462	chrUn_DS484593v1	1849	230686720
463	chrUn_DS485681v1	1076	230948864
464	chrUn_DS484982v1	1304	231211008
465	chrUn_DS485136v1	1231	231473152
466	chrUn_DS483738v1	12856	231735296
467	chrUn_DS483783v1	5891	231997440
468	chrUn_DS485411v1	1146	232259584
469	chrUn_DS485729v1	1064	232521728
470	chrUn_DS485622v1	1090	232783872
471	chrUn_DS484796v1	1468	233046016
472	chrUn_DS485671v1	1079	233308160
473	chrUn_DS485684v1	1076	233570304
474	chrUn_DS485148v1	1227	233832448
475	chrUn_DS484188v1	2670	234094592
476	chrUn_DS484566v1	1900	234356736
477	chrUn_DS484646v1	1747	234618880
478	chrUn_DS485588v1	1103	234881024
479	chrUn_DS484498v1	1998	235143168
480	chrUn_DS485820v1	1045	235405312
481	chrUn_DS484048v1	3120	235667456
482	chrUn_DS485079v1	1253	235929600
483	chrUn_DS485420v1	1144	236191744
484	chrUn_DS483772v1	6076	236453888
485	chrUn_DS484281v1	2438	236716032
486	chrUn_DS484059v1	3073	236978176
487	chrUn_DS485969v1	1011	237240320
488	chrUn_DS485027v1	1277	237502464
489	chrUn_DS485133v1	1231	237764608
490	chrUn_DS485192v1	1210	238026752
491	chrUn_DS483693v1	11958	238288896
492	chrUn_DS484228v1	2575	238551040
493	chrUn_DS484239v1	2549	238813184
494	chrUn_DS484595v1	1843	239075328
495	chrUn_DS484274v1	2462	239337472
496	chrUn_DS485917v1	1022	239599616
497	chrUn_DS484320v1	2369	239861760
498	chrUn_DS484480v1	2030	240123904
499	chrUn_DS484579v1	1872	240386048
500	chrUn_DS485980v1	1008	240648192
501	chrUn_DS485531v1	1116	240910336
502	chrUn_DS484806v1	1458	241172480
503	chrUn_DS484782v1	1484	241434624
504	chrUn_DS484639v1	1761	241696768
505	chrUn_DS485494v1	1126	241958912
506	chrUn_DS484238v1	2555	242221056
507	chrUn_DS485965v1	1012	242483200
508	chrUn_DS484514v1	1966	242745344
509	chrUn_DS485092v1	1246	243007488
510	chrUn_DS485518v1	1119	243269632
511	chrUn_DS485453v1	1136	243531776
512	chrUn_DS484542v1	1933	243793920
513	chrUn_DS483970v1	3490	244056064
514	chrUn_DS484632v1	1775	244318208
515	chrUn_DS485401v1	1148	244580352
516	chrUn_DS484193v1	2647	244842496
517	chrUn_DS484487v1	2010	245104640
518	chrUn_DS484087v1	2937	245366784
519	chrUn_DS485517v1	1119	245628928
520	chrUn_DS485742v1	1062	245891072
521	chrUn_DS483919v1	3807	246153216
522	chrUn_DS484748v1	1538	246415360
523	chrUn_DS484312v1	2382	246677504
524	chrUn_DS485679v1	1077	246939648
525	chrUn_DS483797v1	5360	247201792
526	chrUn_DS485803v1	1048	247463936
527	chrUn_DS484315v1	2379	247726080
528	chrUn_DS485912v1	1022	247988224
529	chrUn_DS484027v1	3197	248250368
530	chrUn_DS485122v1	1234	248512512
531	chrUn_DS485847v1	1040	248774656
532	chrUn_DS484941v1	1333	249036800
533	chrUn_DS483734v1	15522	249298944
534	chrUn_DS484510v1	1975	249561088
535	chrUn_DS484028v1	3196	249823232
536	chrUn_DS484561v1	1903	250085376
537	chrUn_DS485802v1	1048	250347520
538	chrUn_DS484118v1	2858	250609664
539	chrUn_DS485915v1	1022	250871808
540	chrUn_DS485933v1	1019	251133952
541	chrUn_DS485371v1	1156	251396096
542	chrUn_DS484437v1	2103	251658240
543	chrUn_DS484155v1	2790	251920384
544	chrUn_DS485298v1	1178	252182528
545	chrUn_DS485007v1	1287	252444672
546	chrUn_DS484899v1	1369	252706816
547	chrUn_DS485544v1	1114	252968960
548	chrUn_DS485841v1	1041	253231104
549	chrUn_DS485614v1	1094	253493248
550	chrUn_DS484651v1	1734	253755392
551	chrUn_DS485968v1	1011	254017536
552	chrUn_DS484962v1	1315	254279680
553	chrUn_DS483840v1	4573	254541824
554	chrUn_DS483739v1	12459	254803968
555	chrUn_DS485903v1	1026	255066112
556	chrUn_DS485983v1	1006	255328256
557	chrUn_DS484984v1	1304	255590400
558	chrUn_DS485582v1	1105	255852544
559	chrUn_DS485880v1	1031	256114688
560	chrUn_DS485273v1	1185	256376832
561	chrUn_DS485583v1	1105	256638976
562	chrUn_DS485309v1	1173	256901120
563	chrUn_DS485428v1	1142	257163264
564	chrUn_DS484967v1	1311	257425408
565	chrUn_DS484910v1	1356	257687552
566	chrUn_DS484550v1	1924	257949696
567	chrUn_DS485666v1	1080	258211840
568	chrUn_DS483944v1	3622	258473984
569	chrUn_DS484894v1	1375	258736128
570	chrUn_DS483908v1	3913	258998272
571	chrUn_DS484244v1	2536	259260416
572	chrUn_DS485632v1	1088	259522560
573	chrUn_DS485291v1	1179	259784704
574	chrUn_DS484472v1	2046	260046848
575	chrUn_DS485045v1	1271	260308992
576	chrUn_DS483792v1	5465	260571136
577	chrUn_DS485986v1	1005	260833280
578	chrUn_DS485823v1	1044	261095424
579	chrUn_DS483848v1	4436	261357568
580	chrUn_DS484886v1	1377	261619712
581	chrUn_DS484025v1	3201	261881856
582	chrUn_DS483856v1	4370	262144000
583	chrUn_DS485543v1	1114	262406144
584	chrUn_DS485520v1	1118	262668288
585	chrUn_DS485725v1	1066	262930432
586	chrUn_DS485264v1	1186	263192576
587	chrUn_DS485497v1	1125	263454720
588	chrUn_DS485996v1	1004	263716864
589	chrUn_DS485025v1	1278	263979008
590	chrUn_DS485118v1	1235	264241152
591	chrUn_DS485220v1	1202	264503296
592	chrUn_DS485569v1	1108	264765440
593	chrUn_DS484919v1	1347	265027584
594	chrUn_DS484149v1	2795	265289728
595	chrUn_DS485127v1	1233	265551872
596	chrUn_DS485439v1	1139	265814016
597	chrUn_DS483673v1	12654	266076160
598	chrUn_DS484929v1	1339	266338304
599	chrUn_DS485441v1	1139	266600448
600	chrUn_DS483701v1	11220	266862592
601	chrUn_DS485796v1	1049	267124736
602	chrUn_DS485218v1	1203	267386880
603	chrUn_DS485712v1	1070	267649024
604	chrUn_DS483979v1	3434	267911168
605	chrUn_DS485087v1	1249	268173312
606	chrUn_DS484889v1	1377	268435456
607	chrUn_DS484291v1	2421	268697600
608	chrUn_DS485053v1	1266	268959744
609	chrUn_DS484093v1	2922	269221888
610	chrUn_DS485850v1	1039	269484032
611	chrUn_DS485243v1	1193	269746176
612	chrUn_DS485215v1	1203	270008320
613	chrUn_DS485370v1	1156	270270464
614	chrUn_DS483825v1	4815	270532608
615	chrUn_DS484658v1	1719	270794752
616	chrUn_DS483820v1	4888	271056896
617	chrUn_DS484851v1	1408	271319040
618	chrUn_DS483688v1	12095	271581184
619	chrUn_DS485233v1	1197	271843328
620	chrUn_DS483853v1	4381	272105472
621	chrUn_DS484847v1	1411	272367616
622	chrUn_DS485818v1	1045	272629760
623	chrUn_DS485383v1	1154	272891904
624	chrUn_DS484435v1	2105	273154048
625	chrUn_DS484565v1	1901	273416192
626	chrUn_DS485379v1	1154	273678336
627	chrUn_DS484403v1	2187	273940480
628	chrUn_DS483930v1	3716	274202624
629	chrUn_DS484370v1	2248	274464768
630	chrUn_DS485203v1	1208	274726912
631	chrUn_DS484635v1	1770	274989056
632	chrUn_DS484231v1	2574	275251200
633	chrUn_DS485392v1	1151	275513344
634	chrUn_DS484098v1	2911	275775488
635	chrUn_DS484678v1	1685	276037632
636	chrUn_DS485521v1	1118	276299776
637	chrUn_DS485251v1	1192	276561920
638	chrUn_DS483675v1	12536	276824064
639	chrUn_DS485775v1	1053	277086208
640	chrUn_DS484838v1	1422	277348352
641	chrUn_DS485263v1	1188	277610496
642	chrUn_DS484804v1	1461	277872640
643	chrUn_DS485571v1	1107	278134784
644	chrUn_DS484236v1	2556	278396928
645	chrUn_DS484954v1	1323	278659072
646	chrUn_DS484467v1	2060	278921216
647	chrUn_DS484148v1	2795	279183360
648	chrUn_DS484817v1	1445	279445504
649	chrUn_DS483741v1	11807	279707648
650	chrUn_DS485911v1	1023	279969792
651	chrUn_DS484157v1	2787	280231936
652	chrUn_DS484852v1	1407	280494080
653	chrUn_DS485636v1	1088	280756224
654	chrUn_DS484588v1	1863	281018368
655	chrUn_DS483769v1	6237	281280512
656	chrUn_DS484779v1	1487	281542656
657	chrUn_DS485326v1	1166	281804800
658	chrUn_DS485642v1	1087	282066944
659	chrUn_DS485184v1	1212	282329088
660	chrUn_DS485228v1	1198	282591232
661	chrUn_DS483663v1	13256	282853376
662	chrUn_DS483804v1	5189	283115520
663	chrUn_DS484169v1	2736	283377664
664	chrUn_DS485491v1	1126	283639808
665	chrUn_DS485657v1	1083	283901952
666	chrUn_DS484520v1	1962	284164096
667	chrUn_DS485780v1	1053	284426240
668	chrUn_DS484253v1	2520	284688384
669	chrUn_DS484591v1	1854	284950528
670	chrUn_DS484673v1	1696	285212672
671	chrUn_DS485528v1	1117	285474816
672	chrUn_DS485656v1	1083	285736960
673	chrUn_DS483659v1	13416	285999104
674	chrUn_DS485011v1	1285	286261248
675	chrUn_DS485737v1	1063	286523392
676	chrUn_DS485160v1	1224	286785536
677	chrUn_DS485208v1	1205	287047680
678	chrUn_DS485717v1	1069	287309824
679	chrUn_DS484882v1	1379	287571968
680	chrUn_DS483686v1	12148	287834112
681	chrUn_DS485876v1	1032	288096256
682	chrUn_DS484831v1	1429	288358400
683	chrUn_DS484205v1	2629	288620544
684	chrUn_DS485434v1	1140	288882688
685	chrUn_DS484003v1	3284	289144832
686	chrUn_DS485948v1	1015	289406976
687	chrUn_DS484340v1	2328	289669120
688	chrUn_DS483965v1	3503	289931264
689	chrUn_DS485068v1	1260	290193408
690	chrUn_DS485533v1	1116	290455552
691	chrUn_DS484774v1	1492	290717696
692	chrUn_DS485292v1	1179	290979840
693	chrUn_DS484156v1	2788	291241984
694	chrUn_DS485709v1	1070	291504128
695	chrUn_DS485947v1	1016	291766272
696	chrUn_DS484544v1	1929	292028416
697	chrUn_DS484524v1	1961	292290560
698	chrUn_DS485275v1	1185	292552704
699	chrUn_DS485527v1	1117	292814848
700	chrUn_DS484619v1	1800	293076992
701	chrUn_DS483801v1	5281	293339136
702	chrUn_DS484307v1	2385	293601280
703	chrUn_DS483687v1	12142	293863424
704	chrUn_DS484463v1	2064	294125568
705	chrUn_DS485939v1	1018	294387712
706	chrUn_DS485146v1	1227	294649856
707	chrUn_DS485174v1	1219	294912000
708	chrUn_DS485194v1	1209	295174144
709	chrUn_DS484283v1	2434	295436288
710	chrUn_DS485500v1	1124	295698432
711	chrUn_DS484183v1	2688	295960576
712	chrUn_DS484499v1	1995	296222720
713	chrUn_DS485338v1	1163	296484864
714	chrUn_DS485036v1	1274	296747008
715	chrUn_DS484553v1	1917	297009152
716	chrUn_DS485587v1	1103	297271296
717	chrUn_DS485265v1	1186	297533440
718	chrUn_DS484425v1	2124	297795584
719	chrUn_DS484802v1	1462	298057728
720	chrUn_DS485538v1	1115	298319872
721	chrUn_DS483872v1	4222	298582016
722	chrUn_DS485319v1	1169	298844160
723	chrUn_DS484752v1	1532	299106304
724	chrUn_DS485630v1	1089	299368448
725	chrUn_DS483915v1	3858	299630592
726	chrUn_DS485161v1	1224	299892736
727	chrUn_DS485482v1	1129	300154880
728	chrUn_DS484943v1	1332	300417024
729	chrUn_DS484722v1	1577	300679168
730	chrUn_DS485010v1	1286	300941312
731	chrUn_DS485952v1	1014	301203456
732	chrUn_DS484869v1	1391	301465600
733	chrUn_DS483749v1	8007	301727744
734	chrUn_DS484799v1	1464	301989888
735	chrUn_DS484998v1	1294	302252032
736	chrUn_DS484041v1	3157	302514176
737	chrUn_DS483841v1	4553	302776320
738	chrUn_DS485031v1	1275	303038464
739	chrUn_DS484254v1	2517	303300608
740	chrUn_DS484279v1	2438	303562752
741	chrUn_DS484503v1	1988	303824896
742	chrUn_DS483658v1	13455	304087040
743	chrUn_DS485397v1	1148	304349184
744	chrUn_DS485004v1	1290	304611328
745	chrUn_DS485046v1	1270	304873472
746	chrUn_DS485382v1	1154	305135616
747	chrUn_DS485728v1	1064	305397760
748	chrUn_DS485125v1	1234	305659904
749	chrUn_DS485200v1	1208	305922048
750	chrUn_DS484471v1	2050	306184192
751	chrUn_DS483750v1	7722	306446336
752	chrUn_DS485946v1	1016	306708480
753	chrUn_DS484874v1	1384	306970624
754	chrUn_DS485258v1	1189	307232768
755	chrUn_DS485833v1	1042	307494912
756	chrUn_DS485944v1	1016	307757056
757	chrUn_DS485714v1	1069	308019200
758	chrUn_DS483920v1	3806	308281344
759	chrUn_DS485464v1	1133	308543488
760	chrUn_DS484614v1	1806	308805632
761	chrUn_DS484153v1	2793	309067776
762	chrUn_DS485461v1	1134	309329920
763	chrUn_DS484828v1	1430	309592064
764	chrUn_DS484834v1	1424	309854208
765	chrUn_DS483913v1	3871	310116352
766	chrUn_DS483670v1	12827	310378496
767	chrUn_DS484427v1	2117	310640640
768	chrUn_DS485247v1	1193	310902784
769	chrUn_DS484083v1	2957	311164928
770	chrUn_DS485530v1	1117	311427072
771	chrUn_DS485020v1	1280	311689216
772	chrUn_DS485827v1	1043	311951360
773	chrUn_DS484047v1	3123	312213504
774	chrUn_DS485149v1	1226	312475648
775	chrUn_DS484287v1	2428	312737792
776	chrUn_DS485655v1	1083	312999936
777	chrUn_DS485757v1	1058	313262080
778	chrUn_DS484062v1	3058	313524224
779	chrUn_DS485932v1	1019	313786368
780	chrUn_DS484348v1	2308	314048512
781	chrUn_DS484686v1	1667	314310656
782	chrUn_DS485253v1	1191	314572800
783	chrUn_DS485953v1	1014	314834944
784	chrUn_DS484812v1	1451	315097088
785	chrUn_DS484449v1	2087	315359232
786	chrUn_DS485032v1	1275	315621376
787	chrUn_DS484438v1	2102	315883520
788	chrUn_DS485923v1	1021	316145664
789	chrUn_DS484314v1	2381	316407808
790	chrUn_DS485306v1	1174	316669952
791	chrUn_DS483975v1	3466	316932096
792	chrUn_DS485770v1	1055	317194240
793	chrUn_DS485204v1	1207	317456384
794	chrUn_DS484502v1	1990	317718528
795	chrUn_DS485667v1	1080	317980672
796	chrUn_DS483679v1	12424	318242816
797	chrUn_DS484080v1	2971	318504960
798	chrUn_DS484712v1	1610	318767104
799	chrUn_DS484742v1	1543	319029248
800	chrUn_DS483939v1	3649	319291392
801	chrUn_DS485535v1	1116	319553536
802	chrUn_DS484258v1	2510	319815680
803	chrUn_DS484285v1	2431	320077824
804	chrUn_DS484509v1	1976	320339968
805	chrUn_DS485211v1	1205	320602112
806	chrUn_DS483867v1	4272	320864256
807	chrUn_DS485066v1	1261	321126400
808	chrUn_DS484630v1	1776	321388544
809	chrUn_DS484271v1	2470	321650688
810	chrUn_DS484117v1	2860	321912832
811	chrUn_DS484042v1	3156	322174976
812	chrUn_DS483746v1	9341	322437120
813	chrUn_DS484932v1	1337	322699264
814	chrUn_DS485177v1	1218	322961408
815	chrUn_DS485540v1	1114	323223552
816	chrUn_DS484815v1	1446	323485696
817	chrUn_DS483989v1	3373	323747840
818	chrUn_DS483767v1	6396	324009984
819	chrUn_DS485621v1	1091	324272128
820	chrUn_DS483782v1	5915	324534272
821	chrUn_DS485774v1	1053	324796416
822	chrUn_DS483862v1	4310	325058560
823	chrUn_DS484513v1	1966	325320704
824	chrUn_DS484878v1	1381	325582848
825	chrUn_DS483737v1	13553	325844992
826	chrUn_DS483689v1	12034	326107136
827	chrUn_DS484671v1	1703	326369280
828	chrUn_DS484255v1	2516	326631424
829	chrUn_DS485481v1	1129	326893568
830	chrUn_DS484528v1	1947	327155712
831	chrUn_DS484797v1	1467	327417856
832	chrUn_DS485874v1	1033	327680000
833	chrUn_DS484286v1	2429	327942144
834	chrUn_DS484177v1	2703	328204288
835	chrUn_DS483816v1	4939	328466432
836	chrUn_DS484584v1	1869	328728576
837	chrUn_DS485574v1	1106	328990720
838	chrUn_DS485022v1	1279	329252864
839	chrUn_DS485750v1	1060	329515008
840	chrUn_DS483815v1	4967	329777152
841	chrUn_DS484389v1	2207	330039296
842	chrUn_DS484656v1	1724	330301440
843	chrUn_DS485567v1	1108	330563584
844	chrUn_DS484692v1	1643	330825728
845	chrUn_DS483858v1	4361	331087872
846	chrUn_DS484458v1	2079	331350016
847	chrUn_DS485628v1	1089	331612160
848	chrUn_DS483961v1	3527	331874304
849	chrUn_DS485966v1	1011	332136448
850	chrUn_DS484147v1	2796	332398592
851	chrUn_DS484378v1	2232	332660736
852	chrUn_DS485754v1	1059	332922880
853	chrUn_DS484017v1	3227	333185024
854	chrUn_DS485918v1	1021	333447168
855	chrUn_DS485314v1	1171	333709312
856	chrUn_DS485692v1	1074	333971456
857	chrUn_DS484300v1	2400	334233600
858	chrUn_DS483953v1	3557	334495744
859	chrUn_DS484138v1	2822	334757888
860	chrUn_DS485593v1	1101	335020032
861	chrUn_DS484342v1	2326	335282176
862	chrUn_DS484557v1	1907	335544320
863	chrUn_DS484685v1	1675	335806464
864	chrUn_DS484607v1	1819	336068608
865	chrUn_DS484189v1	2669	336330752
866	chrUn_DS485610v1	1096	336592896
867	chrUn_DS485151v1	1226	336855040
868	chrUn_DS484267v1	2476	337117184
869	chrUn_DS484020v1	3218	337379328
870	chrUn_DS485525v1	1117	337641472
871	chrUn_DS485429v1	1141	337903616
872	chrUn_DS485088v1	1248	338165760
873	chrUn_DS485190v1	1211	338427904
874	chrUn_DS485565v1	1109	338690048
875	chrUn_DS483870v1	4231	338952192
876	chrUn_DS484022v1	3209	339214336
877	chrUn_DS484836v1	1424	339476480
878	chrUn_DS484105v1	2889	339738624
879	chrUn_DS485889v1	1029	340000768
880	chrUn_DS484109v1	2882	340262912
881	chrUn_DS485882v1	1031	340525056
882	chrUn_DS483824v1	4820	340787200
883	chrUn_DS485426v1	1142	341049344
884	chrUn_DS485083v1	1251	341311488
885	chrUn_DS485851v1	1039	341573632
886	chrUn_DS483945v1	3622	341835776
887	chrUn_DS484534v1	1943	342097920
888	chrUn_DS484901v1	1368	342360064
889	chrUn_DS484789v1	1473	342622208
890	chrUn_DS483904v1	3932	342884352
891	chrUn_DS484264v1	2479	343146496
892	chrUn_DS484086v1	2943	343408640
893	chrUn_DS484089v1	2928	343670784
894	chrUn_DS485792v1	1050	343932928
895	chrUn_DS485085v1	1251	344195072
896	chrUn_DS483773v1	6062	344457216
897	chrUn_DS483837v1	4608	344719360
898	chrUn_DS485648v1	1086	344981504
899	chrUn_DS485105v1	1240	345243648
900	chrUn_DS485694v1	1074	345505792
901	chrUn_DS485389v1	1152	345767936
902	chrUn_DS484343v1	2325	346030080
903	chrUn_DS483702v1	11148	346292224
904	chrUn_DS485640v1	1087	346554368
905	chrUn_DS483868v1	4256	346816512
906	chrUn_DS485806v1	1048	347078656
907	chrUn_DS484434v1	2108	347340800
908	chrUn_DS484888v1	1377	347602944
909	chrUn_DS484693v1	1641	347865088
910	chrUn_DS485627v1	1090	348127232
911	chrUn_DS485245v1	1193	348389376
912	chrUn_DS485595v1	1101	348651520
913	chrUn_DS484064v1	3044	348913664
914	chrUn_DS485176v1	1219	349175808
915	chrUn_DS485252v1	1191	349437952
916	chrUn_DS485670v1	1079	349700096
917	chrUn_DS485152v1	1225	349962240
918	chrUn_DS484078v1	2982	350224384
919	chrUn_DS483814v1	4986	350486528
920	chrUn_DS484206v1	2628	350748672
921	chrUn_DS485071v1	1260	351010816
922	chrUn_DS484070v1	3009	351272960
923	chrUn_DS485584v1	1105	351535104
924	chrUn_DS483886v1	4081	351797248
925	chrUn_DS484773v1	1494	352059392
926	chrUn_DS484004v1	3277	352321536
927	chrUn_DS485393v1	1150	352583680
928	chrUn_DS484192v1	2664	352845824
929	chrUn_DS483891v1	4030	353107968
930	chrUn_DS484217v1	2603	353370112
931	chrUn_DS484055v1	3080	353632256
932	chrUn_DS484015v1	3234	353894400
933	chrUn_DS485848v1	1040	354156544
934	chrUn_DS485221v1	1201	354418688
935	chrUn_DS485227v1	1199	354680832
936	chrUn_DS485579v1	1105	354942976
937	chrUn_DS485400v1	1148	355205120
938	chrUn_DS485154v1	1225	355467264
939	chrUn_DS483956v1	3553	355729408
940	chrUn_DS483854v1	4378	355991552
941	chrUn_DS485410v1	1147	356253696
942	chrUn_DS484718v1	1586	356515840
943	chrUn_DS484412v1	2161	356777984
944	chrUn_DS484424v1	2124	357040128
945	chrUn_DS484213v1	2611	357302272
946	chrUn_DS485157v1	1225	357564416
947	chrUn_DS484940v1	1333	357826560
948	chrUn_DS484221v1	2584	358088704
949	chrUn_DS485746v1	1062	358350848
950	chrUn_DS484466v1	2062	358612992
951	chrUn_DS484306v1	2385	358875136
952	chrUn_DS485807v1	1048	359137280
953	chrUn_DS485591v1	1102	359399424
954	chrUn_DS484486v1	2014	359661568
955	chrUn_DS485030v1	1276	359923712
956	chrUn_DS484395v1	2198	360185856
957	chrUn_DS485216v1	1203	360448000
958	chrUn_DS483964v1	3519	360710144
959	chrUn_DS484750v1	1533	360972288
960	chrUn_DS484661v1	1716	361234432
961	chrUn_DS484621v1	1797	361496576
962	chrUn_DS484927v1	1340	361758720
963	chrUn_DS485330v1	1166	362020864
964	chrUn_DS485988v1	1005	362283008
965	chrUn_DS485832v1	1042	362545152
966	chrUn_DS484159v1	2784	362807296
967	chrUn_DS485041v1	1271	363069440
968	chrUn_DS484421v1	2129	363331584
969	chrUn_DS485091v1	1246	363593728
970	chrUn_DS485878v1	1032	363855872
971	chrUn_DS485140v1	1229	364118016
972	chrUn_DS485419v1	1144	364380160
973	chrUn_DS484887v1	1377	364642304
974	chrUn_DS485301v1	1177	364904448
975	chrUn_DS485002v1	1291	365166592
976	chrUn_DS484491v1	2006	365428736
977	chrUn_DS485589v1	1102	365690880
978	chrUn_DS485284v1	1182	365953024
979	chrUn_DS484525v1	1961	366215168
980	chrUn_DS484734v1	1555	366477312
981	chrUn_DS484212v1	2612	366739456
982	chrUn_DS483866v1	4273	367001600
983	chrUn_DS484107v1	2882	367263744
984	chrUn_DS484930v1	1339	367525888
985	chrUn_DS484321v1	2368	367788032
986	chrUn_DS485134v1	1231	368050176
987	chrUn_DS484044v1	3144	368312320
988	chrUn_DS484066v1	3025	368574464
989	chrUn_DS484151v1	2794	368836608
990	chrUn_DS484242v1	2541	369098752
991	chrUn_DS484602v1	1832	369360896
992	chrUn_DS484762v1	1520	369623040
993	chrUn_DS484408v1	2173	369885184
994	chrUn_DS485067v1	1261	370147328
995	chrUn_DS485297v1	1178	370409472
996	chrUn_DS484700v1	1625	370671616
997	chrUn_DS484116v1	2860	370933760
998	chrUn_DS484335v1	2342	371195904
999	chrUn_DS485169v1	1220	371458048
1000	chrUn_DS485448v1	1137	371720192
1001	chrUn_DS483822v1	4865	371982336
1002	chrUn_DS484792v1	1471	372244480
1003	chrUn_DS483768v1	6294	372506624
1004	chrUn_DS483735v1	15068	372768768
1005	chrUn_DS485653v1	1084	373030912
1006	chrUn_DS484662v1	1715	373293056
1007	chrUn_DS484097v1	2914	373555200
1008	chrUn_DS484001v1	3299	373817344
1009	chrUn_DS485609v1	1096	374079488
1010	chrUn_DS485323v1	1167	374341632
1011	chrUn_DS483649v1	13935	374603776
1012	chrUn_DS484079v1	2982	374865920
1013	chrUn_DS484065v1	3043	375128064
1014	chrUn_DS485035v1	1274	375390208
1015	chrUn_DS485897v1	1028	375652352
1016	chrUn_DS485503v1	1123	375914496
1017	chrUn_DS484521v1	1962	376176640
1018	chrUn_DS484104v1	2893	376438784
1019	chrUn_DS483863v1	4305	376700928
1020	chrUn_DS484196v1	2644	376963072
1021	chrUn_DS484318v1	2375	377225216
1022	chrUn_DS485955v1	1014	377487360
1023	chrUn_DS485624v1	1090	377749504
1024	chrUn_DS484729v1	1560	378011648
1025	chrUn_DS484573v1	1890	378273792
1026	chrUn_DS484464v1	2063	378535936
1027	chrUn_DS483994v1	3348	378798080
1028	chrUn_DS484013v1	3252	379060224
1029	chrUn_DS484714v1	1597	379322368
1030	chrUn_DS484649v1	1738	379584512
1031	chrUn_DS484543v1	1931	379846656
1032	chrUn_DS484308v1	2385	380108800
1033	chrUn_DS485155v1	1225	380370944
1034	chrUn_DS485107v1	1239	380633088
1035	chrUn_DS483899v1	3964	380895232
1036	chrUn_DS485162v1	1223	381157376
1037	chrUn_DS484108v1	2882	381419520
1038	chrUn_DS485536v1	1116	381681664
1039	chrUn_DS485198v1	1209	381943808
1040	chrUn_DS484699v1	1629	382205952
1041	chrUn_DS484091v1	2926	382468096
1042	chrUn_DS485144v1	1227	382730240
1043	chrUn_DS485256v1	1190	382992384
1044	chrUn_DS484616v1	1802	383254528
1045	chrUn_DS484862v1	1394	383516672
1046	chrUn_DS484754v1	1527	383778816
1047	chrUn_DS484617v1	1801	384040960
1048	chrUn_DS484917v1	1351	384303104
1049	chrUn_DS483646v1	14098	384565248
1050	chrUn_DS485559v1	1110	384827392
1051	chrUn_DS484120v1	2855	385089536
1052	chrUn_DS483983v1	3396	385351680
1053	chrUn_DS484853v1	1406	385613824
1054	chrUn_DS484780v1	1487	385875968
1055	chrUn_DS484145v1	2804	386138112
1056	chrUn_DS484898v1	1371	386400256
1057	chrUn_DS484926v1	1340	386662400
1058	chrUn_DS484592v1	1851	386924544
1059	chrUn_DS485230v1	1197	387186688
1060	chrUn_DS484870v1	1386	387448832
1061	chrUn_DS484581v1	1870	387710976
1062	chrUn_DS485724v1	1067	387973120
1063	chrUn_DS485695v2	564	388235264
1064	chrUn_DS484123v1	2848	388497408
1065	chrUn_DS483780v1	5968	388759552
1066	chrUn_DS484007v1	3262	389021696
1067	chrUn_DS484230v1	2575	389283840
1068	chrUn_DS483819v1	4903	389545984
1069	chrUn_DS483898v1	3970	389808128
1070	chrUn_DS483762v1	6698	390070272
1071	chrUn_DS483895v1	4006	390332416
1072	chrUn_DS483929v1	3717	390594560
1073	chrUn_DS484038v1	3171	390856704
1074	chrUn_DS483844v1	4471	391118848
1075	chrUn_DS483806v1	5098	391380992
1076	chrUn_DS483812v1	4996	391643136
1077	chrUn_DS483785v1	5772	391905280
1078	chrUn_DS483943v1	3638	392167424
1079	chrUn_DS483753v1	7123	392429568
1080	chrUn_DS484045v1	3129	392691712
1081	chrUn_DS484144v1	2811	392953856
1082	chrUn_DS483925v1	3755	393216000
1083	chrUn_DS483787v1	5698	393478144
1084	chrUn_DS483865v1	4289	393740288
1085	chrUn_DS484090v1	2927	394002432
1086	chrUn_DS483757v1	6900	394264576
1087	chrUn_DS484010v1	3259	394526720
1088	chrUn_DS484247v1	2529	394788864
1089	chrUn_DS483751v1	7314	395051008
1090	chrUn_DS484280v1	2438	395313152
1091	chrUn_DS484167v1	2745	395575296
1092	chrUn_DS483918v1	3818	395837440
1093	chrUn_DS484414v1	2157	396099584
1094	chrUn_DS484134v1	2828	396361728
1095	chrUn_DS483833v1	4701	396623872
1096	chrUn_DS483878v1	4182	396886016
1097	chrUn_DS484053v1	3085	397148160
1098	chrUn_DS483859v1	4336	397410304
1099	chrUn_DS483793v1	5463	397672448
1100	chrUn_DS483774v1	6041	397934592
1101	chrUn_DS483770v1	6193	398196736
1102	chrUn_DS484225v1	2577	398458880
1103	chrUn_DS483947v1	3603	398721024
1104	chrUn_DS484006v1	3268	398983168
1105	chrUn_DS483954v1	3554	399245312
1106	chrUn_DS483982v1	3402	399507456
1107	chrUn_DS484222v1	2583	399769600
1108	chrUn_DS484092v1	2924	400031744
1109	chrUn_DS483647v1	14028	400293888
1110	chrUn_DS484095v1	2919	400556032
1111	chrUn_DS483776v1	6000	400818176
1112	chrUn_DS484209v1	2618	401080320
1113	chrUn_DS483927v1	3737	401342464
1114	chrUn_DS484234v1	2561	401604608
1115	chrUn_DS483992v1	3365	401866752
1116	chrUn_DS484036v1	3174	402128896
1117	chrUn_DS483986v1	3386	402391040
1118	chrUn_DS484031v1	3190	402653184
1119	chrUn_DS483813v1	4994	402915328
1120	chrUn_DS483881v1	4135	403177472
1121	chrUn_DS484296v1	2417	403439616
1122	chrUn_DS483949v1	3593	403701760
1123	chrUn_DS484000v1	3302	403963904
1124	chrUn_DS483941v1	3646	404226048
1125	chrUn_DS483985v1	3389	404488192
1126	chrUn_DS484375v1	2234	404750336
1127	chrUn_DS483998v1	3313	405012480
1128	chrUn_DS484068v1	3013	405274624
1129	chrUn_DS484353v1	2295	405536768
1130	chrUn_DS483810v1	5026	405798912
1131	chrUn_DS484018v1	3223	406061056
1132	chrUn_DS483817v1	4933	406323200
1133	chrUn_DS483999v1	3308	406585344
1134	chrUn_DS483724v1	13501	406847488
1135	chrUn_DS484256v1	2511	407109632
1136	chrUn_DS484391v1	2205	407371776
1137	chrUn_DS484539v1	1936	407633920
1138	chrUn_DS483937v1	3660	407896064
1139	chrUn_DS483828v1	4785	408158208
1140	chrUn_DS484113v1	2876	408420352
1141	chrUn_DS483811v1	5000	408682496
1142	chrUn_DS484432v1	2112	408944640
1143	chrUn_DS483832v1	4705	409206784
1144	chrUn_DS484386v1	2216	409468928
1145	chrUn_DS483896v1	3991	409731072
1146	chrUn_DS484294v1	2419	409993216
1147	chrUn_DS484426v1	2119	410255360
1148	chrUn_DS483800v1	5316	410517504
1149	chrUn_DS483763v1	6546	410779648
1150	chrUn_DS484289v1	2425	411041792
1151	chrUn_DS484865v1	1391	411303936
1152	chrUn_DS483839v1	4581	411566080
1153	chrUn_DS483880v1	4150	411828224
1154	chrUn_DS483951v1	3574	412090368
1155	chrUn_DS483781v1	5952	412352512
1156	chrUn_DS483798v1	5324	412614656
1157	chrUn_DS483641v1	14503	412876800
1158	chrUn_DS483861v1	4310	413138944
1159	chrUn_DS484872v1	1385	413401088
1160	chrUn_DS485098v1	1242	413663232
1161	chrUn_DS484292v1	2421	413925376
1162	chrUn_DS485935v1	1019	414187520
1163	chrUn_DS483900v1	3960	414449664
1164	chrUn_DS485601v1	1099	414711808
1165	chrUn_DS484009v1	3259	414973952
1166	chrUn_DS485385v1	1153	415236096
1167	chrUn_DS485259v1	1189	415498240
1168	chrUn_DS485182v1	1213	415760384
1169	chrUn_DS483960v1	3527	416022528
1170	chrUn_DS484735v1	1553	416284672
1171	chrUn_DS484224v1	2577	416546816
1172	chrUn_DS484363v1	2270	416808960
1173	chrUn_DS483760v1	6825	417071104
1174	chrUn_DS484652v1	1733	417333248
1175	chrUn_DS485548v1	1112	417595392
1176	chrUn_DS483910v1	3906	417857536
1177	chrUn_DS485424v1	1143	418119680
1178	chrUn_DS484848v1	1410	418381824
1179	chrUn_DS484176v1	2708	418643968
1180	chrUn_DS483807v1	5061	418906112
1181	chrUn_DS483796v1	5383	419168256
1182	chrUn_DS483754v1	7003	419430400
1183	chrUn_DS483758v1	6860	419692544
1184	chrUn_DS483846v1	4452	419954688
1185	chrUn_DS484317v1	2378	420216832
1186	chrUn_DS483744v1	9865	420478976
1187	chrUn_DS483709v1	18299	420741120
1188	chrUn_DS483874v1	4202	421003264
1189	chrUn_DS483629v1	15417	421265408
1190	chrUn_CP007071v1	19956	421527552
1191	chrUn_CP007072v1	44411	421789696
1192	chrUn_CP007073v1	13157	422051840
1193	chrUn_CP007074v1	76224	422313984
1194	chrUn_CP007075v1	11983	422576128
1195	chrUn_CP007076v1	87365	422838272
1196	chrUn_CP007077v1	36913	423100416
1197	chrUn_CP007078v1	22604	423362560
1198	chrUn_CP007079v1	23238	423624704
1199	chrUn_CP007082v1	36482	423886848
1200	chrUn_CP007083v1	25537	424148992
1201	chrUn_CP007084v1	62570	424411136
1202	chrUn_CP007085v1	45120	424673280
1203	chrUn_CP007086v1	22882	424935424
1204	chrUn_CP007087v1	46986	425197568
1205	chrUn_CP007088v1	37106	425459712
1206	chrUn_CP007089v1	16157	425721856
1207	chrUn_CP007090v1	57785	425984000
1208	chrUn_CP007091v1	20763	426246144
1209	chrUn_CP007092v1	28305	426508288
1210	chrUn_CP007093v1	25698	426770432
1211	chrUn_CP007094v1	29583	427032576
1212	chrUn_CP007095v1	25560	427294720
1213	chrUn_CP007096v1	26115	427556864
1214	chrUn_CP007080v1	86267	427819008
1215	chrUn_CP007097v1	13455	428081152
1216	chrUn_CP007098v1	43383	428343296
1217	chrUn_CP007099v1	12632	428605440
1218	chrUn_CP007100v1	10091	428867584
1219	chrUn_CP007101v1	24503	429129728
1220	chrUn_CP007081v1	88768	429391872
1221	chrUn_CP007105v1	47411	429654016
1222	chrUn_DS483562v1	50625	429916160
1223	chrUn_CP007120v1	76973	430178304
1224	chrX	23542271	430440448
1225	chrX_DS484701v1_random	1625	454033408
1226	chrX_DS484968v1_random	1311	454295552
1227	chrX_DS484668v1_random	1709	454557696
1228	chrX_DS484664v1_random	1713	454819840
1229	chrX_DS484272v1_random	2464	455081984
1230	chrX_DS485077v1_random	1258	455344128
1231	chrX_DS484084v1_random	2956	455606272
1232	chrX_DS484161v1_random	2781	455868416
1233	chrX_DS484284v1_random	2432	456130560
1234	chrX_DS484459v1_random	2078	456392704
1235	chrX_DS484765v1_random	1516	456654848
1236	chrX_DS484622v1_random	1793	456916992
1237	chrX_DS484526v1_random	1956	457179136
1238	chrX_DS485994v1_random	1004	457441280
1239	chrX_DS485235v1_random	1195	457703424
1240	chrX_DS484745v1_random	1541	457965568
1241	chrX_DS484507v1_random	1978	458227712
1242	chrX_DS484074v1_random	2999	458489856
1243	chrX_DS485618v1_random	1092	458752000
1244	chrX_DS485797v1_random	1049	459014144
1245	chrX_DS484367v1_random	2259	459276288
1246	chrX_DS484809v1_random	1453	459538432
1247	chrX_DS484965v1_random	1312	459800576
1248	chrX_DS484585v1_random	1869	460062720
1249	chrX_DS485172v1_random	1220	460324864
1250	chrX_DS484219v1_random	2591	460587008
1251	chrX_DS484650v1_random	1737	460849152
1252	chrX_DS484730v1_random	1560	461111296
1253	chrX_DS484200v1_random	2639	461373440
1254	chrX_DS484512v1_random	1970	461635584
1255	chrX_DS484582v1_random	1870	461897728
1256	chrX_DS484529v1_random	1947	462159872
1257	chrX_DS484429v1_random	2113	462422016
1258	chrX_DS484518v1_random	1964	462684160
1259	chrX_DS484833v1_random	1424	462946304
1260	chrX_DS484724v1_random	1575	463208448
1261	chrX_DS485015v1_random	1283	463470592
1262	chrX_DS484594v1_random	1843	463732736
1263	chrX_DS485606v1_random	1097	463994880
1264	chrX_DS484819v1_random	1441	464257024
1265	chrX_DS484358v1_random	2286	464519168
1266	chrX_DS484845v1_random	1412	464781312
1267	chrX_DS484430v1_random	2113	465043456
1268	chrX_DS484568v1_random	1899	465305600
1269	chrX_DS485942v1_random	1018	465567744
1270	chrX_DS484583v1_random	1869	465829888
1271	chrX_DS484428v1_random	2114	466092032
1272	chrX_DS485266v1_random	1186	466354176
1273	chrX_DS484399v1_random	2192	466616320
1274	chrX_DS485514v1_random	1121	466878464
1275	chrX_DS484012v1_random	3254	467140608
1276	chrX_DS484552v1_random	1920	467402752
1277	chrX_DS485074v1_random	1258	467664896
1278	chrX_DS484576v1_random	1888	467927040
1279	chrX_DS484803v1_random	1461	468189184
1280	chrX_DS485765v1_random	1056	468451328
1281	chrX_DS484447v1_random	2089	468713472
1282	chrX_DS485962v1_random	1012	468975616
1283	chrX_DS485769v1_random	1055	469237760
1284	chrX_DS484533v1_random	1944	469499904
1285	chrX_DS484388v1_random	2209	469762048
1286	chrX_DS484564v1_random	1902	470024192
1287	chrX_DS484126v1_random	2841	470286336
1288	chrX_DS484450v1_random	2087	470548480
1289	chrX_DS484610v1_random	1813	470810624
1290	chrX_DS485238v1_random	1195	471072768
1291	chrX_DS484402v1_random	2189	471334912
1292	chrX_DS484558v1_random	1906	471597056
1293	chrX_DS484684v1_random	1678	471859200
1294	chrX_DS484951v1_random	1327	472121344
1295	chrX_DS484679v1_random	1683	472383488
1296	chrX_DS484691v1_random	1643	472645632
1297	chrX_DS484647v1_random	1743	472907776
1298	chrX_DS485913v1_random	1022	473169920
1299	chrX_DS484608v1_random	1818	473432064
1300	chrX_DS484913v1_random	1355	473694208
1301	chrX_DS485358v1_random	1159	473956352
1302	chrX_DS485096v1_random	1244	474218496
1303	chrX_DS485257v1_random	1189	474480640
1304	chrX_DS484547v1_random	1927	474742784
1305	chrX_DS484596v1_random	1843	475004928
1306	chrX_DS484497v1_random	1998	475267072
1307	chrX_DS485967v1_random	1011	475529216
1308	chrX_DS484688v1_random	1657	475791360
1309	chrX_DS485476v1_random	1130	476053504
1310	chrX_DS485649v1_random	1084	476315648
1311	chrX_DS484996v1_random	1295	476577792
1312	chrX_DS485981v1_random	1007	476839936
1313	chrX_DS484235v1_random	2557	477102080
1314	chrX_DS484431v1_random	2113	477364224
1315	chrX_DS484672v1_random	1703	477626368
1316	chrX_DS484961v1_random	1315	477888512
1317	chrX_DS483648v1_random	13940	478150656
1318	chrX_DS484600v1_random	1841	478412800
1319	chrX_DS485813v1_random	1047	478674944
1320	chrX_DS485104v1_random	1240	478937088
1321	chrX_DS484785v1_random	1478	479199232
1322	chrX_DS484379v1_random	2228	479461376
1323	chrX_DS485465v1_random	1133	479723520
1324	chrX_DS485676v1_random	1078	479985664
1325	chrX_DS485735v1_random	1063	480247808
1326	chrX_DS484023v1_random	3206	480509952
1327	chrX_DS484401v1_random	2189	480772096
1328	chrX_DS484354v1_random	2293	481034240
1329	chrX_DS484298v1_random	2412	481296384
1330	chrX_DS484723v1_random	1577	481558528
1331	chrX_DS485860v1_random	1036	481820672
1332	chrX_DS484995v1_random	1296	482082816
1333	chrX_DS484393v1_random	2201	482344960
1334	chrX_DS484911v1_random	1355	482607104
1335	chrX_DS485305v1_random	1174	482869248
1336	chrX_DS484362v1_random	2273	483131392
1337	chrX_DS484628v1_random	1785	483393536
1338	chrX_DS484604v1_random	1829	483655680
1339	chrX_DS484201v1_random	2637	483917824
1340	chrX_DS484411v1_random	2161	484179968
1341	chrX_DS485855v1_random	1037	484442112
1342	chrX_DS484811v1_random	1452	484704256
1343	chrX_DS484504v1_random	1986	484966400
1344	chrX_DS484695v1_random	1637	485228544
1345	chrX_DS484670v1_random	1704	485490688
1346	chrX_DS484261v1_random	2500	485752832
1347	chrX_DS485660v1_random	1082	486014976
1348	chrX_DS485164v1_random	1223	486277120
1349	chrX_DS484609v1_random	1818	486539264
1350	chrX_DS485941v1_random	1018	486801408
1351	chrX_DS484545v1_random	1928	487063552
1352	chrX_DS484397v1_random	2196	487325696
1353	chrX_DS484368v1_random	2259	487587840
1354	chrX_DS484198v1_random	2641	487849984
1355	chrX_DS485101v1_random	1241	488112128
1356	chrX_DS485141v1_random	1228	488374272
1357	chrX_DS484625v1_random	1787	488636416
1358	chrX_DS484626v1_random	1786	488898560
1359	chrX_DS485723v1_random	1067	489160704
1360	chrX_DS484587v1_random	1865	489422848
1361	chrX_DS485167v1_random	1221	489684992
1362	chrX_DS485934v1_random	1019	489947136
1363	chrX_DS484364v1_random	2269	490209280
1364	chrX_DS485110v1_random	1238	490471424
1365	chrX_DS484540v1_random	1935	490733568
1366	chrX_DS484879v1_random	1381	490995712
1367	chrX_DS484182v1_random	2689	491257856
1368	chrX_DS484850v1_random	1408	491520000
1369	chrX_DS485785v1_random	1051	491782144
1370	chrX_DS484215v1_random	2605	492044288
1371	chrX_DS484337v1_random	2335	492306432
1372	chrX_DS485126v1_random	1233	492568576
1373	chrX_DS484737v1_random	1550	492830720
1374	chrX_DS485909v1_random	1023	493092864
1375	chrX_DS484703v1_random	1622	493355008
1376	chrX_DS484740v1_random	1546	493617152
1377	chrX_DS484660v1_random	1716	493879296
1378	chrX_DS484810v1_random	1452	494141440
1379	chrX_DS485081v1_random	1252	494403584
1380	chrX_DS484758v1_random	1525	494665728
1381	chrX_DS484763v1_random	1519	494927872
1382	chrX_DS484572v1_random	1891	495190016
1383	chrX_DS484477v1_random	2035	495452160
1384	chrX_DS485691v1_random	1074	495714304
1385	chrX_DS485801v1_random	1048	495976448
1386	chrX_DS485845v1_random	1040	496238592
1387	chrX_DS484101v1_random	2904	496500736
1388	chrX_DS485573v1_random	1107	496762880
1389	chrX_DS484690v1_random	1645	497025024
1390	chrX_DS484598v1_random	1842	497287168
1391	chrX_DS484406v1_random	2177	497549312
1392	chrX_DS484349v1_random	2307	497811456
1393	chrX_DS485987v1_random	1005	498073600
1394	chrX_DS484555v1_random	1916	498335744
1395	chrX_DS485687v1_random	1075	498597888
1396	chrX_DS485109v1_random	1238	498860032
1397	chrX_DS484569v1_random	1895	499122176
1398	chrX_DS484648v1_random	1741	499384320
1399	chrX_DS484483v1_random	2021	499646464
1400	chrX_DS485856v1_random	1037	499908608
1401	chrX_DS484633v1_random	1775	500170752
1402	chrX_DS484500v1_random	1993	500432896
1403	chrX_DS484136v1_random	2823	500695040
1404	chrX_DS484871v1_random	1386	500957184
1405	chrX_DS484360v1_random	2283	501219328
1406	chrX_DS485852v1_random	1038	501481472
1407	chrX_DS484415v1_random	2147	501743616
1408	chrX_DS484570v1_random	1895	502005760
1409	chrX_DS484783v1_random	1482	502267904
1410	chrX_DS484288v1_random	2425	502530048
1411	chrX_DS484778v1_random	1488	502792192
1412	chrX_DS484955v1_random	1323	503054336
1413	chrX_DS484252v1_random	2520	503316480
1414	chrX_DS484935v1_random	1336	503578624
1415	chrX_DS485620v1_random	1091	503840768
1416	chrX_DS485898v1_random	1028	504102912
1417	chrX_DS485782v1_random	1052	504365056
1418	chrX_DS484880v1_random	1380	504627200
1419	chrX_DS484840v1_random	1419	504889344
1420	chrX_DS484837v1_random	1423	505151488
1421	chrX_DS484698v1_random	1630	505413632
1422	chrX_DS484442v1_random	2096	505675776
1423	chrX_DS485771v1_random	1055	505937920
1424	chrX_DS484644v1_random	1747	506200064
1425	chrX_DS485084v1_random	1251	506462208
1426	chrX_DS484323v1_random	2363	506724352
1427	chrX_DS484457v1_random	2079	506986496
1428	chrX_DS484112v1_random	2877	507248640
1429	chrX_DS484741v1_random	1544	507510784
1430	chrX_DS484786v1_random	1476	507772928
1431	chrX_DS485745v1_random	1062	508035072
1432	chrX_DS484409v1_random	2166	508297216
1433	chrX_DS484590v1_random	1856	508559360
1434	chrX_DS484890v1_random	1376	508821504
1435	chrX_DS485043v1_random	1271	509083648
1436	chrX_DS484731v1_random	1558	509345792
1437	chrX_DS484768v1_random	1509	509607936
1438	chrX_DS484114v1_random	2871	509870080
1439	chrX_DS484611v1_random	1813	510132224
1440	chrX_DS484519v1_random	1963	510394368
1441	chrX_DS485599v1_random	1100	510656512
1442	chrX_DS485111v1_random	1238	510918656
1443	chrX_DS485378v1_random	1155	511180800
1444	chrX_DS483963v1_random	3523	511442944
1445	chrX_DS484605v1_random	1829	511705088
1446	chrX_DS485471v1_random	1131	511967232
1447	chrX_DS484657v1_random	1724	512229376
1448	chrX_DS484305v1_random	2389	512491520
1449	chrX_DS485635v1_random	1088	512753664
1450	chrX_DS485277v1_random	1184	513015808
1451	chrX_DS484597v1_random	1843	513277952
1452	chrX_DS484178v1_random	2698	513540096
1453	chrX_DS485262v1_random	1189	513802240
1454	chrX_DS485478v1_random	1129	514064384
1455	chrX_DS484683v1_random	1679	514326528
1456	chrX_DS485334v1_random	1164	514588672
1457	chrX_DS485112v1_random	1238	514850816
1458	chrX_DS484506v1_random	1980	515112960
1459	chrX_DS485336v1_random	1163	515375104
1460	chrX_DS483669v1_random	12848	515637248
1461	chrX_DS483655v1_random	13549	515899392
1462	chrX_DS485959v1_random	1013	516161536
1463	chrX_DS485300v1_random	1178	516423680
1464	chrX_DS485050v1_random	1268	516685824
1465	chrX_DS484260v1_random	2505	516947968
1466	chrX_DS484444v1_random	2094	517210112
1467	chrX_DS484694v1_random	1637	517472256
1468	chrX_DS484677v1_random	1687	517734400
1469	chrX_DS484777v1_random	1489	517996544
1470	chrX_DS485617v1_random	1093	518258688
1471	chrX_DS484839v1_random	1421	518520832
1472	chrX_DS485080v1_random	1253	518782976
1473	chrX_DS484560v1_random	1904	519045120
1474	chrX_DS484928v1_random	1340	519307264
1475	chrX_DS484775v1_random	1492	519569408
1476	chrX_DS484535v1_random	1939	519831552
1477	chrX_DS484725v1_random	1573	520093696
1478	chrX_DS484682v1_random	1680	520355840
1479	chrX_DS484618v1_random	1800	520617984
1480	chrX_DS484952v1_random	1326	520880128
1481	chrX_DS484599v1_random	1841	521142272
1482	chrX_DS484072v1_random	3002	521404416
1483	chrX_DS484137v1_random	2822	521666560
1484	chrX_DS485836v1_random	1042	521928704
1485	chrX_DS484419v1_random	2132	522190848
1486	chrX_DS484357v1_random	2287	522452992
1487	chrX_DS485798v1_random	1049	522715136
1488	chrX_DS484344v1_random	2322	522977280
1489	chrX_DS484623v1_random	1792	523239424
1490	chrX_DS485537v1_random	1115	523501568
1491	chrX_DS484057v1_random	3076	523763712
1492	chrX_DS485899v1_random	1027	524025856
1493	chrX_DS484832v1_random	1425	524288000
1494	chrX_DS485950v1_random	1015	524550144
1495	chrX_DS483995v1_random	3347	524812288
1496	chrX_DS485603v1_random	1098	525074432
1497	chrX_DS484733v1_random	1556	525336576
1498	chrX_DS484541v1_random	1933	525598720
1499	chrX_DS484085v1_random	2945	525860864
1500	chrX_DS484165v1_random	2751	526123008
1501	chrX_DS485271v1_random	1185	526385152
1502	chrX_DS485790v1_random	1051	526647296
1503	chrX_DS484753v1_random	1529	526909440
1504	chrX_DS484645v1_random	1747	527171584
1505	chrX_DS484669v1_random	1708	527433728
1506	chrX_DS484162v1_random	2765	527695872
1507	chrX_DS484374v1_random	2237	527958016
1508	chrX_DS485189v1_random	1211	528220160
1509	chrX_DS484603v1_random	1830	528482304
1510	chrX_DS485195v1_random	1209	528744448
1511	chrX_DS484580v1_random	1871	529006592
1512	chrX_DS485351v1_random	1161	529268736
1513	chrX_DS484433v1_random	2109	529530880
1514	chrX_DS485738v1_random	1063	529793024
1515	chrX_DS484423v1_random	2126	530055168
1516	chrX_DS485879v1_random	1031	530317312
1517	chrX_DS484702v1_random	1623	530579456
1518	chrX_DS484636v1_random	1769	530841600
1519	chrX_DS485762v1_random	1057	531103744
1520	chrX_DS485012v1_random	1284	531365888
1521	chrX_DS484474v1_random	2044	531628032
1522	chrX_DS485278v1_random	1184	531890176
1523	chrX_DS484322v1_random	2366	532152320
1524	chrX_DS484974v1_random	1309	532414464
1525	chrX_DS484135v1_random	2825	532676608
1526	chrX_DS484826v1_random	1432	532938752
1527	chrX_DS485816v1_random	1046	533200896
1528	chrX_DS483665v1_random	13234	533463040
1529	chrX_DS484067v1_random	3024	533725184
1530	chrX_DS485672v1_random	1078	533987328
1531	chrX_DS484005v1_random	3275	534249472
1532	chrX_DS483971v1_random	3478	534511616
1533	chrX_DS485303v1_random	1175	534773760
1534	chrX_DS484143v1_random	2814	535035904
1535	chrX_DS484346v1_random	2317	535298048
1536	chrX_DS485299v1_random	1178	535560192
1537	chrX_DS484384v1_random	2220	535822336
1538	chrX_DS484767v1_random	1510	536084480
1539	chrX_DS485857v1_random	1037	536346624
1540	chrX_DS485072v1_random	1260	536608768
1541	chrX_DS484319v1_random	2372	536870912
1542	chrX_DS485225v1_random	1200	537133056
1543	chrX_DS485268v1_random	1186	537395200
1544	chrX_DS484293v1_random	2420	537657344
1545	chrX_DS484715v1_random	1595	537919488
1546	chrX_DS485454v1_random	1135	538181632
1547	chrX_DS484130v1_random	2834	538443776
1548	chrX_DS484359v1_random	2284	538705920
1549	chrX_DS483784v1_random	5832	538968064
1550	chrX_DS485119v1_random	1235	539230208
1551	chrX_DS484462v1_random	2068	539492352
1552	chrX_DS485592v1_random	1102	539754496
1553	chrX_DS485647v1_random	1086	540016640
1554	chrX_DS484088v1_random	2937	540278784
1555	chrX_DS485078v1_random	1257	540540928
1556	chrX_DS483905v1_random	3926	540803072
1557	chrX_DS484963v1_random	1315	541065216
1558	chrX_DS483685v1_random	12187	541327360
1559	chrX_DS484749v1_random	1534	541589504
1560	chrX_DS484356v1_random	2289	541851648
1561	chrX_DS485418v1_random	1145	542113792
1562	chrX_DS484125v1_random	2844	542375936
1563	chrX_DS484131v1_random	2833	542638080
1564	chrX_DS484328v1_random	2355	542900224
1565	chrX_DS483843v1_random	4515	543162368
1566	chrX_DS484468v1_random	2060	543424512
1567	chrX_DS485978v1_random	1008	543686656
1568	chrX_DS485054v1_random	1265	543948800
1569	chrX_DS483955v1_random	3553	544210944
1570	chrX_DS483897v1_random	3984	544473088
1571	chrX_DS484361v1_random	2282	544735232
1572	chrX_DS485049v1_random	1269	544997376
1573	chrX_DS484978v1_random	1306	545259520
1574	chrX_DS484002v1_random	3290	545521664
1575	chrX_DS485364v1_random	1158	545783808
1576	chrX_DS484345v1_random	2318	546045952
1577	chrX_DS485310v1_random	1173	546308096
1578	chrX_DS485281v1_random	1184	546570240
1579	chrX_DS485597v1_random	1100	546832384
1580	chrX_DS485345v1_random	1161	547094528
1581	chrX_DS484417v1_random	2139	547356672
1582	chrX_DS483698v1_random	11522	547618816
1583	chrX_DS484620v1_random	1798	547880960
1584	chrX_DS485360v1_random	1159	548143104
1585	chrX_DS485562v1_random	1109	548405248
1586	chrX_DS485186v1_random	1212	548667392
1587	chrX_DS485778v1_random	1053	548929536
1588	chrX_DS485201v1_random	1208	549191680
1589	chrX_DS485384v1_random	1153	549453824
1590	chrX_DS485707v1_random	1071	549715968
1591	chrX_DS483809v1_random	5057	549978112
1592	chrX_DS484857v1_random	1402	550240256
1593	chrX_DS484268v1_random	2475	550502400
1594	chrX_DS484203v1_random	2635	550764544
1595	chrX_DS484970v1_random	1310	551026688
1596	chrX_DS483789v1_random	5555	551288832
1597	chrX_DS484719v1_random	1586	551550976
1598	chrX_DS484297v1_random	2413	551813120
1599	chrX_DS484124v1_random	2846	552075264
1600	chrX_DS485044v1_random	1271	552337408
1601	chrX_DS484990v1_random	1301	552599552
1602	chrX_DS484273v1_random	2463	552861696
1603	chrX_DS485017v1_random	1281	553123840
1604	chrX_DS484997v1_random	1294	553385984
1605	chrX_DS483888v1_random	4072	553648128
1606	chrX_DS485459v1_random	1134	553910272
1607	chrX_DS485651v1_random	1084	554172416
1608	chrX_DS484907v1_random	1361	554434560
1609	chrX_DS485549v1_random	1112	554696704
1610	chrX_DS484732v1_random	1556	554958848
1611	chrX_DS484953v1_random	1326	555220992
1612	chrX_DS483660v1_random	13394	555483136
1613	chrX_DS484615v1_random	1803	555745280
1614	chrX_DS484697v1_random	1636	556007424
1615	chrX_DS484216v1_random	2603	556269568
1616	chrX_DS485287v1_random	1181	556531712
1617	chrX_DS484382v1_random	2223	556793856
1618	chrX_DS484187v1_random	2671	557056000
1619	chrX_DS485756v1_random	1058	557318144
1620	chrX_DS484185v1_random	2686	557580288
1621	chrX_DS485550v1_random	1112	557842432
1622	chrX_DS483795v1_random	5387	558104576
1623	chrX_DS484666v1_random	1710	558366720
1624	chrX_DS483666v1_random	13108	558628864
1625	chrX_DS484371v1_random	2247	558891008
1626	chrX_DS483907v1_random	3921	559153152
1627	chrX_DS484387v1_random	2210	559415296
1628	chrX_DS484316v1_random	2379	559677440
1629	chrX_DS483803v1_random	5232	559939584
1630	chrX_DS483950v1_random	3582	560201728
1631	chrX_DS483885v1_random	4085	560463872
1632	chrX_DS483928v1_random	3730	560726016
1633	chrX_DS484326v1_random	2357	560988160
1634	chrX_DS483745v1_random	9368	561250304
1635	chrX_DS483892v1_random	4013	561512448
1636	chrX_DS484061v1_random	3059	561774592
1637	chrX_DS484330v1_random	2353	562036736
1638	chrX_DS484140v1_random	2819	562298880
1639	chrX_DS484051v1_random	3100	562561024
1640	chrX_DS483893v1_random	4012	562823168
1641	chrX_DS484075v1_random	2996	563085312
1642	chrX_DS483948v1_random	3602	563347456
1643	chrX_DS484081v1_random	2964	563609600
1644	chrX_DS484586v1_random	1868	563871744
1645	chrX_DS484278v1_random	2439	564133888
1646	chrX_DS484046v1_random	3123	564396032
1647	chrX_DS484133v1_random	2829	564658176
1648	chrX_DS483909v1_random	3913	564920320
1649	chrX_DS484488v1_random	2009	565182464
1650	chrX_DS483974v1_random	3473	565444608
1651	chrX_DS483903v1_random	3941	565706752
1652	chrX_DS484538v1_random	1936	565968896
1653	chrX_DS483946v1_random	3603	566231040
1654	chrX_DS484556v1_random	1916	566493184
1655	chrX_DS483851v1_random	4395	566755328
1656	chrX_DS483926v1_random	3745	567017472
1657	chrX_DS484563v1_random	1903	567279616
1658	chrX_DS483923v1_random	3775	567541760
1659	chrX_DS484166v1_random	2750	567803904
1660	chrX_DS484341v1_random	2328	568066048
1661	chrX_DS484099v1_random	2910	568328192
1662	chrX_DS484060v1_random	3065	568590336
1663	chrX_DS484132v1_random	2830	568852480
1664	chrX_DS483821v1_random	4879	569114624
1665	chrX_DS483818v1_random	4917	569376768
1666	chrX_DS484562v1_random	1903	569638912
1667	chrX_DS483969v1_random	3498	569901056
1668	chrX_DS484026v1_random	3201	570163200
1669	chrX_CP007104v1_random	27447	570425344
1670	chrX_CP007103v1_random	33320	570687488
1671	chrY	3667352	570949632
1672	chrY_DS485113v1_random	1237	574619648
1673	chrY_DS485267v1_random	1186	574881792
1674	chrY_DS484992v1_random	1297	575143936
1675	chrY_DS485594v1_random	1101	575406080
1676	chrY_DS484805v1_random	1459	575668224
1677	chrY_DS484021v1_random	3213	575930368
1678	chrY_DS484184v1_random	2688	576192512
1679	chrY_DS485013v1_random	1284	576454656
1680	chrY_DS485016v1_random	1282	576716800
1681	chrY_DS484142v1_random	2815	576978944
1682	chrY_DS484530v1_random	1947	577241088
1683	chrY_DS485460v1_random	1134	577503232
1684	chrY_DS486003v1_random	1001	577765376
1685	chrY_DS485375v1_random	1155	578027520
1686	chrY_DS484233v1_random	2565	578289664
1687	chrY_DS484270v1_random	2473	578551808
1688	chrY_DS485865v1_random	1035	578813952
1689	chrY_DS484643v1_random	1751	579076096
1690	chrY_DS484351v1_random	2303	579338240
1691	chrY_DS484146v1_random	2799	579600384
1692	chrY_DS483959v1_random	3537	579862528
1693	chrY_DS485795v1_random	1049	580124672
1694	chrY_DS484259v1_random	2508	580386816
1695	chrY_DS483778v1_random	5984	580648960
1696	chrY_DS484681v1_random	1683	580911104
1697	chrY_DS485927v1_random	1020	581173248
1698	chrY_DS484986v1_random	1303	581435392
1699	chrY_DS484164v1_random	2762	581697536
1700	chrY_DS485534v1_random	1116	581959680
1701	chrY_DS484250v1_random	2521	582221824
1702	chrY_DS485070v1_random	1260	582483968
1703	chrY_DS485423v1_random	1144	582746112
1704	chrY_DS485873v1_random	1033	583008256
1705	chrY_DS485736v1_random	1063	583270400
1706	chrY_DS485051v1_random	1268	583532544
1707	chrY_DS483987v1_random	3375	583794688
1708	chrY_DS485159v1_random	1224	584056832
1709	chrY_DS484266v1_random	2477	584318976
1710	chrY_DS485646v1_random	1086	584581120
1711	chrY_DS484781v1_random	1485	584843264
1712	chrY_DS485561v1_random	1109	585105408
1713	chrY_DS484056v1_random	3077	585367552
1714	chrY_DS485166v1_random	1222	585629696
1715	chrY_DS485427v1_random	1142	585891840
1716	chrY_DS485894v1_random	1029	586153984
1717	chrY_DS484631v1_random	1775	586416128
1718	chrY_DS485840v1_random	1041	586678272
1719	chrY_DS485492v1_random	1126	586940416
1720	chrY_DS485875v1_random	1032	587202560
1721	chrY_DS484492v1_random	2005	587464704
1722	chrY_DS485483v1_random	1129	587726848
1723	chrY_DS485250v1_random	1192	587988992
1724	chrY_DS485388v1_random	1152	588251136
1725	chrY_DS484818v1_random	1443	588513280
1726	chrY_DS485575v1_random	1106	588775424
1727	chrY_DS485696v1_random	1073	589037568
1728	chrY_DS484675v1_random	1690	589299712
1729	chrY_DS484665v1_random	1712	589561856
1730	chrY_DS483966v1_random	3502	589824000
1731	chrY_DS485749v1_random	1060	590086144
1732	chrY_DS485752v1_random	1059	590348288
1733	chrY_DS484197v1_random	2642	590610432
1734	chrY_DS485158v1_random	1224	590872576
1735	chrY_DS484706v1_random	1619	591134720
1736	chrY_DS484574v1_random	1890	591396864
1737	chrY_DS484637v1_random	1766	591659008
1738	chrY_DS485732v1_random	1064	591921152
1739	chrY_DS485374v1_random	1155	592183296
1740	chrY_DS485359v1_random	1159	592445440
1741	chrY_DS485523v1_random	1118	592707584
1742	chrY_DS485236v1_random	1195	592969728
1743	chrY_DS485399v1_random	1148	593231872
1744	chrY_DS484049v1_random	3102	593494016
1745	chrY_DS485767v1_random	1056	593756160
1746	chrY_DS484037v1_random	3173	594018304
1747	chrY_DS485975v1_random	1010	594280448
1748	chrY_DS485560v1_random	1110	594542592
1749	chrY_DS484249v1_random	2522	594804736
1750	chrY_DS485938v1_random	1019	595066880
1751	chrY_DS485329v1_random	1166	595329024
1752	chrY_DS484523v1_random	1961	595591168
1753	chrY_DS485042v1_random	1271	595853312
1754	chrY_DS485901v1_random	1027	596115456
1755	chrY_DS484863v1_random	1393	596377600
1756	chrY_DS485343v1_random	1162	596639744
1757	chrY_DS485772v1_random	1054	596901888
1758	chrY_DS484994v1_random	1297	597164032
1759	chrY_DS485328v1_random	1166	597426176
1760	chrY_DS484336v1_random	2342	597688320
1761	chrY_DS485178v1_random	1218	597950464
1762	chrY_DS485409v1_random	1147	598212608
1763	chrY_DS485764v1_random	1056	598474752
1764	chrY_DS484128v1_random	2836	598736896
1765	chrY_DS485739v1_random	1063	598999040
1766	chrY_DS485452v1_random	1136	599261184
1767	chrY_DS484909v1_random	1356	599523328
1768	chrY_DS485641v1_random	1087	599785472
1769	chrY_DS484956v1_random	1322	600047616
1770	chrY_DS485320v1_random	1169	600309760
1771	chrY_DS485302v1_random	1176	600571904
1772	chrY_DS485440v1_random	1139	600834048
1773	chrY_DS485685v1_random	1075	601096192
1774	chrY_DS483967v1_random	3499	601358336
1775	chrY_DS484908v1_random	1360	601620480
1776	chrY_DS484945v1_random	1330	601882624
1777	chrY_DS485718v1_random	1068	602144768
1778	chrY_DS485099v1_random	1241	602406912
1779	chrY_DS485839v1_random	1042	602669056
1780	chrY_DS484589v1_random	1863	602931200
1781	chrY_DS485048v1_random	1270	603193344
1782	chrY_DS485363v1_random	1158	603455488
1783	chrY_DS484103v1_random	2899	603717632
1784	chrY_DS485532v1_random	1116	603979776
1785	chrY_DS484942v1_random	1333	604241920
1786	chrY_DS484983v1_random	1304	604504064
1787	chrY_DS484680v1_random	1683	604766208
1788	chrY_DS484441v1_random	2096	605028352
1789	chrY_DS485604v1_random	1098	605290496
1790	chrY_DS485960v1_random	1012	605552640
1791	chrY_DS485974v1_random	1010	605814784
1792	chrY_DS484063v1_random	3046	606076928
1793	chrY_DS485972v1_random	1010	606339072
1794	chrY_DS484043v1_random	3154	606601216
1795	chrY_DS485625v1_random	1090	606863360
1796	chrY_DS485318v1_random	1170	607125504
1797	chrY_DS485963v1_random	1012	607387648
1798	chrY_DS485776v1_random	1053	607649792
1799	chrY_DS485137v1_random	1230	607911936
1800	chrY_DS485315v1_random	1171	608174080
1801	chrY_DS484696v1_random	1637	608436224
1802	chrY_DS483742v1_random	11763	608698368
1803	chrY_DS483790v1_random	5520	608960512
1804	chrY_DS484171v1_random	2728	609222656
1805	chrY_DS485097v1_random	1243	609484800
1806	chrY_DS484181v1_random	2694	609746944
1807	chrY_CP007119v1_random	11498	610009088
1808	chrY_DS485888v1_random	1029	610271232
1809	chrY_DS484531v1_random	1946	610533376
1810	chrY_DS485470v1_random	1132	610795520
1811	chrY_DS485473v1_random	1131	611057664
1812	chrY_DS485755v1_random	1058	611319808
1813	chrY_DS485892v1_random	1029	611581952
1814	chrY_DS485552v1_random	1111	611844096
1815	chrY_DS485288v1_random	1181	612106240
1816	chrY_DS485014v1_random	1283	612368384
1817	chrY_DS484757v1_random	1525	612630528
1818	chrY_DS484820v1_random	1440	612892672
1819	chrY_DS485422v1_random	1144	613154816
1820	chrY_DS484876v1_random	1382	613416960
1821	chrY_DS485858v1_random	1037	613679104
1822	chrY_DS485512v1_random	1122	613941248
1823	chrY_DS485143v1_random	1227	614203392
1824	chrY_DS484390v1_random	2206	614465536
1825	chrY_DS485416v1_random	1146	614727680
1826	chrY_DS484674v1_random	1690	614989824
1827	chrY_DS484465v1_random	2063	615251968
1828	chrY_DS485436v1_random	1140	615514112
1829	chrY_DS485450v1_random	1136	615776256
1830	chrY_DS484830v1_random	1429	616038400
1831	chrY_DS483988v1_random	3374	616300544
1832	chrY_DS484807v1_random	1456	616562688
1833	chrY_DS485956v1_random	1014	616824832
1834	chrY_DS485283v1_random	1182	617086976
1835	chrY_DS485335v1_random	1163	617349120
1836	chrY_DS485698v1_random	1072	617611264
1837	chrY_DS484641v1_random	1756	617873408
1838	chrY_DS485430v1_random	1141	618135552
1839	chrY_DS485316v1_random	1171	618397696
1840	chrY_DS484377v1_random	2232	618659840
1841	chrY_DS485786v1_random	1051	618921984
1842	chrY_DS484924v1_random	1341	619184128
1843	chrY_DS485885v1_random	1030	619446272
1844	chrY_DS485849v1_random	1039	619708416
1845	chrY_DS485219v1_random	1202	619970560
1846	chrY_DS484875v1_random	1383	620232704
1847	chrY_DS484175v1_random	2709	620494848
1848	chrY_DS485028v1_random	1277	620756992
1849	chrY_DS483725v1_random	13079	621019136
1850	chrY_DS483931v1_random	3713	621281280
1851	chrY_DS483996v1_random	3341	621543424
1852	chrY_DS483875v1_random	4197	621805568
1853	chrY_DS483889v1_random	4059	622067712
1854	chrY_DS484029v1_random	3195	622329856
1855	chrY_DS484094v1_random	2922	622592000
1856	chrY_DS483677v1_random	12513	622854144
1857	chrY_DS483788v1_random	5564	623116288
1858	chrY_DS483690v1_random	12001	623378432
1859	chrY_CP007109v1_random	66439	623640576
1860	chrY_CP007110v1_random	33316	623902720
1861	chrY_CP007111v1_random	34521	624164864
1862	chrY_CP007112v1_random	39041	624427008
1863	chrY_CP007113v1_random	34359	624689152
1864	chrY_CP007114v1_random	31460	624951296
1865	chrY_CP007115v1_random	21921	625213440
1866	chrY_CP007116v1_random	25805	625475584
1867	chrY_CP007117v1_random	24380	625737728
1868	chrY_CP007118v1_random	44104	625999872
1869	chrY_CP007107v1_random	73091	626262016
1870	chrY_CP007108v1_random	66731	626524160
--sjdbOverhang = 75 taken from the generated genome
Started loading the genome: Fri Mar 27 21:25:54 2020

Genome: size given as a parameter = 635850381
SA: size given as a parameter = 1250510864
SAindex: size given as a parameter = 1
Read from SAindex: pGe.gSAindexNbases=14  nSAi=357913940
nGenome=635850381;  nSAbyte=1250510864
GstrandBit=32   SA number of indices=303154148
Shared memory is not used for genomes. Allocated a private copy of the genome.
Genome file size: 635850381 bytes; state: good=1 eof=0 fail=0 bad=0
Loading Genome ... done! state: good=1 eof=0 fail=0 bad=0; loaded 635850381 bytes
SA file size: 1250510864 bytes; state: good=1 eof=0 fail=0 bad=0
Loading SA ... done! state: good=1 eof=0 fail=0 bad=0; loaded 1250510864 bytes
Loading SAindex ... done: 1565873619 bytes
Finished loading the genome: Fri Mar 27 21:26:00 2020

Processing splice junctions database sjdbN=60027,   pGe.sjdbOverhang=75 
alignIntronMax=alignMatesGapMax=0, the max intron size will be approximately determined by (2^winBinNbits)*winAnchorDistNbins=589824
Created thread # 1
Created thread # 2
Starting to map file # 0
mate 1:   pelo_cyo_polysome_2.fastq.gz
Created thread # 3
Created thread # 4
Created thread # 5
Created thread # 6
Created thread # 7
BAM sorting: 273489 mapped reads
BAM sorting bins genomic start loci:
1	0	9699915
2	0	10947977
3	0	21576037
4	1	12155026
5	1	22176961
6	2	5607644
7	2	13043784
8	3	5625681
9	3	15835366
10	3	29800423
11	103	1314
12	103	1809
13	222	2666
14	294	334
15	423	387
16	510	160
17	551	1065
18	1222	18250
19	1222	43718
20	1222	44288
21	1222	44526
22	1222	45231
23	1222	47855
24	1222	56266
25	1222	56775
26	1222	57012
27	1222	57715
28	1222	68054
29	1222	68574
30	1222	69123
31	1222	71222
32	1222	72646
33	1223	1900908
34	1223	8483262
35	1223	18092788
36	1223	23211935
37	1223	23212919
38	1223	23240079
39	1223	23279688
40	1223	23282330
41	1223	23432457
42	1223	23433022
43	1223	23456036
44	1223	23473383
45	1386	2250
46	1439	1771
47	1527	443
48	1557	10747
Thread #4 end of input stream, nextChar=-1
Completed: thread #3
Completed: thread #0
Completed: thread #6
Completed: thread #5
Completed: thread #7
Completed: thread #1
Joined thread # 1
Completed: thread #2
Joined thread # 2
Joined thread # 3
Completed: thread #4
Joined thread # 4
Joined thread # 5
Joined thread # 6
Joined thread # 7
Mar 27 21:32:42 ..... started sorting BAM
Max memory needed for sorting = 408246144
ALL DONE!
