                                 Started job on |	Apr 06 17:49:20
                             Started mapping on |	Apr 06 17:49:21
                                    Finished on |	Apr 06 17:51:34
       Mapping speed, Million of reads per hour |	551.01

                          Number of input reads |	20356922
                      Average input read length |	75
                                    UNIQUE READS:
                   Uniquely mapped reads number |	19265135
                        Uniquely mapped reads % |	94.64%
                          Average mapped length |	75.35
                       Number of splices: Total |	1708259
            Number of splices: Annotated (sjdb) |	1687213
                       Number of splices: GT/AG |	1686033
                       Number of splices: GC/AG |	14159
                       Number of splices: AT/AC |	737
               Number of splices: Non-canonical |	7330
                      Mismatch rate per base, % |	0.39%
                         Deletion rate per base |	0.02%
                        Deletion average length |	1.73
                        Insertion rate per base |	0.01%
                       Insertion average length |	1.74
                             MULTI-MAPPING READS:
        Number of reads mapped to multiple loci |	825623
             % of reads mapped to multiple loci |	4.06%
        Number of reads mapped to too many loci |	89103
             % of reads mapped to too many loci |	0.44%
                                  UNMAPPED READS:
       % of reads unmapped: too many mismatches |	0.00%
                 % of reads unmapped: too short |	0.84%
                     % of reads unmapped: other |	0.03%
                                  CHIMERIC READS:
                       Number of chimeric reads |	0
                            % of chimeric reads |	0.00%
