                                 Started job on |	Mar 27 21:25:54
                             Started mapping on |	Mar 27 21:26:00
                                    Finished on |	Mar 27 21:34:11
       Mapping speed, Million of reads per hour |	147.35

                          Number of input reads |	20097083
                      Average input read length |	75
                                    UNIQUE READS:
                   Uniquely mapped reads number |	12371922
                        Uniquely mapped reads % |	61.56%
                          Average mapped length |	75.02
                       Number of splices: Total |	1154078
            Number of splices: Annotated (sjdb) |	1112705
                       Number of splices: GT/AG |	1130695
                       Number of splices: GC/AG |	10252
                       Number of splices: AT/AC |	665
               Number of splices: Non-canonical |	12466
                      Mismatch rate per base, % |	0.42%
                         Deletion rate per base |	0.01%
                        Deletion average length |	1.60
                        Insertion rate per base |	0.01%
                       Insertion average length |	1.75
                             MULTI-MAPPING READS:
        Number of reads mapped to multiple loci |	6767558
             % of reads mapped to multiple loci |	33.67%
        Number of reads mapped to too many loci |	368684
             % of reads mapped to too many loci |	1.83%
                                  UNMAPPED READS:
       % of reads unmapped: too many mismatches |	0.00%
                 % of reads unmapped: too short |	2.92%
                     % of reads unmapped: other |	0.01%
                                  CHIMERIC READS:
                       Number of chimeric reads |	0
                            % of chimeric reads |	0.00%
