                                 Started job on |	Apr 06 17:42:42
                             Started mapping on |	Apr 06 17:42:43
                                    Finished on |	Apr 06 17:45:41
       Mapping speed, Million of reads per hour |	522.05

                          Number of input reads |	25812432
                      Average input read length |	75
                                    UNIQUE READS:
                   Uniquely mapped reads number |	24775086
                        Uniquely mapped reads % |	95.98%
                          Average mapped length |	75.36
                       Number of splices: Total |	2038550
            Number of splices: Annotated (sjdb) |	2009183
                       Number of splices: GT/AG |	2008743
                       Number of splices: GC/AG |	18480
                       Number of splices: AT/AC |	717
               Number of splices: Non-canonical |	10610
                      Mismatch rate per base, % |	0.40%
                         Deletion rate per base |	0.03%
                        Deletion average length |	1.73
                        Insertion rate per base |	0.01%
                       Insertion average length |	1.71
                             MULTI-MAPPING READS:
        Number of reads mapped to multiple loci |	567405
             % of reads mapped to multiple loci |	2.20%
        Number of reads mapped to too many loci |	91720
             % of reads mapped to too many loci |	0.36%
                                  UNMAPPED READS:
       % of reads unmapped: too many mismatches |	0.00%
                 % of reads unmapped: too short |	1.42%
                     % of reads unmapped: other |	0.05%
                                  CHIMERIC READS:
                       Number of chimeric reads |	0
                            % of chimeric reads |	0.00%
