                                 Started job on |	Jul 26 07:38:25
                             Started mapping on |	Jul 26 07:38:27
                                    Finished on |	Jul 26 07:41:54
       Mapping speed, Million of reads per hour |	349.51

                          Number of input reads |	20097083
                      Average input read length |	75
                                    UNIQUE READS:
                   Uniquely mapped reads number |	12371065
                        Uniquely mapped reads % |	61.56%
                          Average mapped length |	75.02
                       Number of splices: Total |	1153358
            Number of splices: Annotated (sjdb) |	1112000
                       Number of splices: GT/AG |	1130042
                       Number of splices: GC/AG |	10250
                       Number of splices: AT/AC |	709
               Number of splices: Non-canonical |	12357
                      Mismatch rate per base, % |	0.42%
                         Deletion rate per base |	0.01%
                        Deletion average length |	1.60
                        Insertion rate per base |	0.01%
                       Insertion average length |	1.75
                             MULTI-MAPPING READS:
        Number of reads mapped to multiple loci |	6768416
             % of reads mapped to multiple loci |	33.68%
        Number of reads mapped to too many loci |	368673
             % of reads mapped to too many loci |	1.83%
                                  UNMAPPED READS:
       % of reads unmapped: too many mismatches |	0.00%
                 % of reads unmapped: too short |	2.92%
                     % of reads unmapped: other |	0.01%
                                  CHIMERIC READS:
                       Number of chimeric reads |	0
                            % of chimeric reads |	0.00%
